<?xml version="1.0" encoding="UTF-8"?>
<robot generator="Robot 7.3.2 (Python 3.13.5 on win32)" generated="2025-10-19T14:54:40.418556" rpa="false" schemaversion="5">
<suite id="s1" name="MainLoginRegistration" source="C:\Users\apply\Desktop\Software Engineering Process and Tools\Robot\MainLoginRegistration.robot">
<kw name="Go to Website" owner="LoginRegistrationTest" type="SETUP">
<kw name="Open Browser" owner="SeleniumLibrary">
<msg time="2025-10-19T14:54:40.917737" level="INFO">Opening browser 'Edge' to base url 'http://localhost:8000'.</msg>
<arg>${URL}</arg>
<arg>${BROWSER}</arg>
<doc>Opens a new browser instance to the optional ``url``.</doc>
<status status="PASS" start="2025-10-19T14:54:40.917396" elapsed="2.628016"/>
</kw>
<kw name="Maximize Browser Window" owner="SeleniumLibrary">
<doc>Maximizes current browser window.</doc>
<status status="PASS" start="2025-10-19T14:54:43.545823" elapsed="0.040763"/>
</kw>
<doc>Open browser and go to website</doc>
<status status="PASS" start="2025-10-19T14:54:40.916354" elapsed="2.670402"/>
</kw>
<test id="s1-t1" name="Test Staff Registration" line="10">
<kw name="Go To Staff Signup Page" owner="LoginRegistrationTest">
<kw name="Go To" owner="SeleniumLibrary">
<msg time="2025-10-19T14:54:43.589049" level="INFO">Opening url 'http://localhost:8000/staffsignup/'</msg>
<arg>${URL}/staffsignup/</arg>
<doc>Navigates the current browser window to the provided ``url``.</doc>
<status status="PASS" start="2025-10-19T14:54:43.588668" elapsed="0.116743"/>
</kw>
<kw name="Page Should Contain" owner="SeleniumLibrary">
<msg time="2025-10-19T14:54:43.732609" level="INFO">Current page contains text 'STAFF SIGNUP'.</msg>
<arg>STAFF SIGNUP</arg>
<doc>Verifies that current page contains ``text``.</doc>
<status status="PASS" start="2025-10-19T14:54:43.705884" elapsed="0.026889"/>
</kw>
<doc>Navigate to staff signup page</doc>
<status status="PASS" start="2025-10-19T14:54:43.587991" elapsed="0.144964"/>
</kw>
<kw name="Register New User" owner="LoginRegistrationTest">
<kw name="Wait Until Element Is Visible" owner="SeleniumLibrary">
<arg>name=uname</arg>
<arg>timeout=5s</arg>
<doc>Waits until the element ``locator`` is visible.</doc>
<status status="PASS" start="2025-10-19T14:54:43.733981" elapsed="0.036188"/>
</kw>
<kw name="Input Text" owner="SeleniumLibrary">
<msg time="2025-10-19T14:54:43.771349" level="INFO">Typing text 'fslkfjksl' into text field 'name=uname'.</msg>
<arg>name=uname</arg>
<arg>${USERNAME}</arg>
<doc>Types the given ``text`` into the text field identified by ``locator``.</doc>
<status status="PASS" start="2025-10-19T14:54:43.770658" elapsed="0.162324"/>
</kw>
<kw name="Input Text" owner="SeleniumLibrary">
<msg time="2025-10-19T14:54:43.933735" level="INFO">Typing text 'Test' into text field 'name=fname'.</msg>
<arg>name=fname</arg>
<arg>Test</arg>
<doc>Types the given ``text`` into the text field identified by ``locator``.</doc>
<status status="PASS" start="2025-10-19T14:54:43.933308" elapsed="0.109607"/>
</kw>
<kw name="Input Text" owner="SeleniumLibrary">
<msg time="2025-10-19T14:54:44.043571" level="INFO">Typing text 'User' into text field 'name=lname'.</msg>
<arg>name=lname</arg>
<arg>User</arg>
<doc>Types the given ``text`` into the text field identified by ``locator``.</doc>
<status status="PASS" start="2025-10-19T14:54:44.043195" elapsed="0.102089"/>
</kw>
<kw name="Input Text" owner="SeleniumLibrary">
<msg time="2025-10-19T14:54:44.145998" level="INFO">Typing text 'fslkfjksl@example.com' into text field 'name=email'.</msg>
<arg>name=email</arg>
<arg>${EMAIL}</arg>
<doc>Types the given ``text`` into the text field identified by ``locator``.</doc>
<status status="PASS" start="2025-10-19T14:54:44.145603" elapsed="0.142572"/>
</kw>
<kw name="Input Text" owner="SeleniumLibrary">
<msg time="2025-10-19T14:54:44.289353" level="INFO">Typing text '1234567890' into text field 'name=phone'.</msg>
<arg>name=phone</arg>
<arg>1234567890</arg>
<doc>Types the given ``text`` into the text field identified by ``locator``.</doc>
<status status="PASS" start="2025-10-19T14:54:44.288695" elapsed="0.107356"/>
</kw>
<kw name="Input Text" owner="SeleniumLibrary">
<msg time="2025-10-19T14:54:44.396783" level="INFO">Typing text 'testpass123' into text field 'name=password'.</msg>
<arg>name=password</arg>
<arg>${PASSWORD}</arg>
<doc>Types the given ``text`` into the text field identified by ``locator``.</doc>
<status status="PASS" start="2025-10-19T14:54:44.396275" elapsed="0.110391"/>
</kw>
<kw name="Click Button" owner="SeleniumLibrary">
<msg time="2025-10-19T14:54:44.507257" level="INFO">Clicking button 'xpath=//input[@value='Create']'.</msg>
<arg>xpath=//input[@value='Create']</arg>
<doc>Clicks the button identified by ``locator``.</doc>
<status status="PASS" start="2025-10-19T14:54:44.506941" elapsed="0.152152"/>
</kw>
<doc>Fill and submit registration form</doc>
<status status="PASS" start="2025-10-19T14:54:43.733492" elapsed="0.925888"/>
</kw>
<kw name="Verify Registration Success" owner="LoginRegistrationTest">
<kw name="Wait Until Location Contains" owner="SeleniumLibrary">
<msg time="2025-10-19T14:54:53.219289" level="INFO" html="true">&lt;/td&gt;&lt;/tr&gt;&lt;tr&gt;&lt;td colspan="3"&gt;&lt;a href="selenium-screenshot-1.png"&gt;&lt;img src="selenium-screenshot-1.png" width="800px"&gt;&lt;/a&gt;</msg>
<msg time="2025-10-19T14:54:53.219620" level="FAIL">Location did not contain 'stafflogin' in 8 seconds.</msg>
<arg>stafflogin</arg>
<arg>timeout=8s</arg>
<doc>Waits until the current URL contains ``expected``.</doc>
<status status="FAIL" start="2025-10-19T14:54:44.660601" elapsed="8.563646">Location did not contain 'stafflogin' in 8 seconds.</status>
</kw>
<kw name="Wait Until Page Contains" owner="SeleniumLibrary">
<arg>Staff Login</arg>
<arg>timeout=5s</arg>
<doc>Waits until ``text`` appears on the current page.</doc>
<status status="NOT RUN" start="2025-10-19T14:54:53.224723" elapsed="0.000145"/>
</kw>
<doc>Check for registration success by verifying redirect to login page</doc>
<status status="FAIL" start="2025-10-19T14:54:44.660008" elapsed="8.565268">Location did not contain 'stafflogin' in 8 seconds.</status>
</kw>
<doc>Test new user registration with valid data</doc>
<status status="FAIL" start="2025-10-19T14:54:43.586875" elapsed="9.638885">Location did not contain 'stafflogin' in 8 seconds.</status>
</test>
<test id="s1-t2" name="Test Staff Login" line="16">
<kw name="Go To Staff Login Page" owner="LoginRegistrationTest">
<kw name="Go To" owner="SeleniumLibrary">
<msg time="2025-10-19T14:54:53.227576" level="INFO">Opening url 'http://localhost:8000/stafflogin/'</msg>
<arg>${URL}/stafflogin/</arg>
<doc>Navigates the current browser window to the provided ``url``.</doc>
<status status="PASS" start="2025-10-19T14:54:53.227368" elapsed="0.076577"/>
</kw>
<kw name="Page Should Contain" owner="SeleniumLibrary">
<msg time="2025-10-19T14:54:53.326408" level="INFO">Current page contains text 'Staff Login'.</msg>
<arg>Staff Login</arg>
<doc>Verifies that current page contains ``text``.</doc>
<status status="PASS" start="2025-10-19T14:54:53.304380" elapsed="0.022180"/>
</kw>
<doc>Navigate to staff login page</doc>
<status status="PASS" start="2025-10-19T14:54:53.227012" elapsed="0.099704"/>
</kw>
<kw name="Login With Credentials" owner="LoginRegistrationTest">
<kw name="Wait Until Element Is Visible" owner="SeleniumLibrary">
<arg>name=loginuname</arg>
<arg>timeout=5s</arg>
<doc>Waits until the element ``locator`` is visible.</doc>
<status status="PASS" start="2025-10-19T14:54:53.327943" elapsed="0.024280"/>
</kw>
<kw name="Clear Element Text" owner="SeleniumLibrary">
<arg>name=loginuname</arg>
<doc>Clears the value of the text-input-element identified by ``locator``.</doc>
<status status="PASS" start="2025-10-19T14:54:53.352476" elapsed="0.038926"/>
</kw>
<kw name="Input Text" owner="SeleniumLibrary">
<msg time="2025-10-19T14:54:53.392190" level="INFO">Typing text 'fslkfjksl' into text field 'name=loginuname'.</msg>
<arg>name=loginuname</arg>
<arg>${USERNAME}</arg>
<doc>Types the given ``text`` into the text field identified by ``locator``.</doc>
<status status="PASS" start="2025-10-19T14:54:53.391736" elapsed="0.097289"/>
</kw>
<kw name="Clear Element Text" owner="SeleniumLibrary">
<arg>name=loginpassword</arg>
<doc>Clears the value of the text-input-element identified by ``locator``.</doc>
<status status="PASS" start="2025-10-19T14:54:53.489985" elapsed="0.043369"/>
</kw>
<kw name="Input Text" owner="SeleniumLibrary">
<msg time="2025-10-19T14:54:53.534028" level="INFO">Typing text 'testpass123' into text field 'name=loginpassword'.</msg>
<arg>name=loginpassword</arg>
<arg>${PASSWORD}</arg>
<doc>Types the given ``text`` into the text field identified by ``locator``.</doc>
<status status="PASS" start="2025-10-19T14:54:53.533630" elapsed="0.107128"/>
</kw>
<kw name="Click Button" owner="SeleniumLibrary">
<msg time="2025-10-19T14:54:53.641551" level="INFO">Clicking button 'xpath=//input[@value='Login']'.</msg>
<arg>xpath=//input[@value='Login']</arg>
<doc>Clicks the button identified by ``locator``.</doc>
<status status="PASS" start="2025-10-19T14:54:53.641138" elapsed="1.345492"/>
</kw>
<doc>Enter login credentials and submit</doc>
<status status="PASS" start="2025-10-19T14:54:53.327392" elapsed="1.659410"/>
</kw>
<kw name="Verify Login Success" owner="LoginRegistrationTest">
<kw name="Wait Until Location Contains" owner="SeleniumLibrary">
<arg>dashboard</arg>
<arg>timeout=8s</arg>
<doc>Waits until the current URL contains ``expected``.</doc>
<status status="PASS" start="2025-10-19T14:54:54.987758" elapsed="0.012966"/>
</kw>
<kw name="Wait Until Page Contains" owner="SeleniumLibrary">
<arg>Dashboard</arg>
<arg>timeout=5s</arg>
<doc>Waits until ``text`` appears on the current page.</doc>
<status status="PASS" start="2025-10-19T14:54:55.001061" elapsed="0.015388"/>
</kw>
<doc>Check if login was successful</doc>
<status status="PASS" start="2025-10-19T14:54:54.987320" elapsed="0.029316"/>
</kw>
<doc>Test user login with registered credentials</doc>
<status status="PASS" start="2025-10-19T14:54:53.226377" elapsed="1.790670"/>
</test>
<test id="s1-t3" name="Test Registration With Empty Username" line="23">
<kw name="Go To Staff Signup Page" owner="LoginRegistrationTest">
<kw name="Go To" owner="SeleniumLibrary">
<msg time="2025-10-19T14:54:55.018880" level="INFO">Opening url 'http://localhost:8000/staffsignup/'</msg>
<arg>${URL}/staffsignup/</arg>
<doc>Navigates the current browser window to the provided ``url``.</doc>
<status status="PASS" start="2025-10-19T14:54:55.018695" elapsed="0.079413"/>
</kw>
<kw name="Page Should Contain" owner="SeleniumLibrary">
<msg time="2025-10-19T14:54:55.118339" level="INFO">Current page contains text 'STAFF SIGNUP'.</msg>
<arg>STAFF SIGNUP</arg>
<doc>Verifies that current page contains ``text``.</doc>
<status status="PASS" start="2025-10-19T14:54:55.098470" elapsed="0.020010"/>
</kw>
<doc>Navigate to staff signup page</doc>
<status status="PASS" start="2025-10-19T14:54:55.018358" elapsed="0.100265"/>
</kw>
<kw name="Register User With Empty Field" owner="LoginRegistrationTest">
<kw name="Wait Until Element Is Visible" owner="SeleniumLibrary">
<arg>name=uname</arg>
<arg>timeout=5s</arg>
<doc>Waits until the element ``locator`` is visible.</doc>
<status status="PASS" start="2025-10-19T14:54:55.119622" elapsed="0.017459"/>
</kw>
<kw name="Run Keyword If" owner="BuiltIn">
<kw name="Input Text" owner="SeleniumLibrary">
<msg time="2025-10-19T14:54:55.138746" level="INFO">Typing text '' into text field 'name=uname'.</msg>
<arg>name=uname</arg>
<arg>${EMPTY}</arg>
<doc>Types the given ``text`` into the text field identified by ``locator``.</doc>
<status status="PASS" start="2025-10-19T14:54:55.137817" elapsed="0.089596"/>
</kw>
<arg>'${field_type}' == 'username'</arg>
<arg>Input Text</arg>
<arg>name=uname</arg>
<arg>${EMPTY}</arg>
<arg>ELSE</arg>
<arg>Input Text</arg>
<arg>name=uname</arg>
<arg>testuser_empty</arg>
<doc>Runs the given keyword with the given arguments, if ``condition`` is true.</doc>
<status status="PASS" start="2025-10-19T14:54:55.137374" elapsed="0.090208"/>
</kw>
<kw name="Input Text" owner="SeleniumLibrary">
<msg time="2025-10-19T14:54:55.228162" level="INFO">Typing text 'Test' into text field 'name=fname'.</msg>
<arg>name=fname</arg>
<arg>Test</arg>
<doc>Types the given ``text`` into the text field identified by ``locator``.</doc>
<status status="PASS" start="2025-10-19T14:54:55.227847" elapsed="0.102097"/>
</kw>
<kw name="Input Text" owner="SeleniumLibrary">
<msg time="2025-10-19T14:54:55.330779" level="INFO">Typing text 'User' into text field 'name=lname'.</msg>
<arg>name=lname</arg>
<arg>User</arg>
<doc>Types the given ``text`` into the text field identified by ``locator``.</doc>
<status status="PASS" start="2025-10-19T14:54:55.330306" elapsed="0.122812"/>
</kw>
<kw name="Run Keyword If" owner="BuiltIn">
<kw name="Input Text" owner="SeleniumLibrary">
<msg time="2025-10-19T14:54:55.454445" level="INFO">Typing text 'test_empty@example.com' into text field 'name=email'.</msg>
<arg>name=email</arg>
<arg>test_empty@example.com</arg>
<doc>Types the given ``text`` into the text field identified by ``locator``.</doc>
<status status="PASS" start="2025-10-19T14:54:55.454081" elapsed="0.142006"/>
</kw>
<arg>'${field_type}' == 'email'</arg>
<arg>Input Text</arg>
<arg>name=email</arg>
<arg>${EMPTY}</arg>
<arg>ELSE</arg>
<arg>Input Text</arg>
<arg>name=email</arg>
<arg>test_empty@example.com</arg>
<doc>Runs the given keyword with the given arguments, if ``condition`` is true.</doc>
<status status="PASS" start="2025-10-19T14:54:55.453482" elapsed="0.142754"/>
</kw>
<kw name="Input Text" owner="SeleniumLibrary">
<msg time="2025-10-19T14:54:55.596821" level="INFO">Typing text '1234567890' into text field 'name=phone'.</msg>
<arg>name=phone</arg>
<arg>1234567890</arg>
<doc>Types the given ``text`` into the text field identified by ``locator``.</doc>
<status status="PASS" start="2025-10-19T14:54:55.596465" elapsed="0.104373"/>
</kw>
<kw name="Run Keyword If" owner="BuiltIn">
<kw name="Input Text" owner="SeleniumLibrary">
<msg time="2025-10-19T14:54:55.701956" level="INFO">Typing text 'testpass123' into text field 'name=password'.</msg>
<arg>name=password</arg>
<arg>testpass123</arg>
<doc>Types the given ``text`` into the text field identified by ``locator``.</doc>
<status status="PASS" start="2025-10-19T14:54:55.701642" elapsed="0.132267"/>
</kw>
<arg>'${field_type}' == 'password'</arg>
<arg>Input Text</arg>
<arg>name=password</arg>
<arg>${EMPTY}</arg>
<arg>ELSE</arg>
<arg>Input Text</arg>
<arg>name=password</arg>
<arg>testpass123</arg>
<doc>Runs the given keyword with the given arguments, if ``condition`` is true.</doc>
<status status="PASS" start="2025-10-19T14:54:55.701160" elapsed="0.132902"/>
</kw>
<kw name="Click Button" owner="SeleniumLibrary">
<msg time="2025-10-19T14:54:55.834618" level="INFO">Clicking button 'xpath=//input[@value='Create']'.</msg>
<arg>xpath=//input[@value='Create']</arg>
<doc>Clicks the button identified by ``locator``.</doc>
<status status="PASS" start="2025-10-19T14:54:55.834301" elapsed="0.089405"/>
</kw>
<kw name="Sleep" owner="BuiltIn">
<msg time="2025-10-19T14:54:56.925154" level="INFO">Slept 1 second.</msg>
<arg>1s</arg>
<doc>Pauses the test executed for the given time.</doc>
<status status="PASS" start="2025-10-19T14:54:55.924061" elapsed="1.001414"/>
</kw>
<arg>username</arg>
<doc>Register with one empty field</doc>
<status status="PASS" start="2025-10-19T14:54:55.119195" elapsed="1.806617"/>
</kw>
<kw name="Verify Registration Fails" owner="LoginRegistrationTest">
<kw name="Capture Page Screenshot" owner="SeleniumLibrary">
<msg time="2025-10-19T14:54:57.392599" level="INFO" html="true">&lt;/td&gt;&lt;/tr&gt;&lt;tr&gt;&lt;td colspan="3"&gt;&lt;a href="registration_failure_1.png"&gt;&lt;img src="registration_failure_1.png" width="800px"&gt;&lt;/a&gt;</msg>
<arg>registration_failure_{index}.png</arg>
<doc>Takes a screenshot of the current page and embeds it into a log file.</doc>
<status status="PASS" start="2025-10-19T14:54:56.927347" elapsed="0.465485"/>
</kw>
<kw name="Get Location" owner="SeleniumLibrary">
<msg time="2025-10-19T14:54:57.401739" level="INFO">${current_url} = http://localhost:8000/staffsignup/</msg>
<var>${current_url}</var>
<doc>Returns the current browser window URL.</doc>
<status status="PASS" start="2025-10-19T14:54:57.393437" elapsed="0.008369"/>
</kw>
<kw name="Should Not Contain" owner="BuiltIn">
<arg>${current_url}</arg>
<arg>dashboard</arg>
<doc>Fails if ``container`` contains ``item`` one or more times.</doc>
<status status="PASS" start="2025-10-19T14:54:57.401994" elapsed="0.000209"/>
</kw>
<kw name="Should Not Contain" owner="BuiltIn">
<arg>${current_url}</arg>
<arg>stafflogin</arg>
<doc>Fails if ``container`` contains ``item`` one or more times.</doc>
<status status="PASS" start="2025-10-19T14:54:57.402325" elapsed="0.000157"/>
</kw>
<doc>Verify that registration did not succeed and capture screenshot</doc>
<status status="PASS" start="2025-10-19T14:54:56.926876" elapsed="0.475695"/>
</kw>
<doc>Test registration with empty username field</doc>
<status status="PASS" start="2025-10-19T14:54:55.017667" elapsed="2.385193"/>
</test>
<test id="s1-t4" name="Test Registration With Empty Email" line="29">
<kw name="Go To Staff Signup Page" owner="LoginRegistrationTest">
<kw name="Go To" owner="SeleniumLibrary">
<msg time="2025-10-19T14:54:57.404718" level="INFO">Opening url 'http://localhost:8000/staffsignup/'</msg>
<arg>${URL}/staffsignup/</arg>
<doc>Navigates the current browser window to the provided ``url``.</doc>
<status status="PASS" start="2025-10-19T14:54:57.404519" elapsed="0.068087"/>
</kw>
<kw name="Page Should Contain" owner="SeleniumLibrary">
<msg time="2025-10-19T14:54:57.492348" level="INFO">Current page contains text 'STAFF SIGNUP'.</msg>
<arg>STAFF SIGNUP</arg>
<doc>Verifies that current page contains ``text``.</doc>
<status status="PASS" start="2025-10-19T14:54:57.472889" elapsed="0.019606"/>
</kw>
<doc>Navigate to staff signup page</doc>
<status status="PASS" start="2025-10-19T14:54:57.404143" elapsed="0.088511"/>
</kw>
<kw name="Register User With Empty Field" owner="LoginRegistrationTest">
<kw name="Wait Until Element Is Visible" owner="SeleniumLibrary">
<arg>name=uname</arg>
<arg>timeout=5s</arg>
<doc>Waits until the element ``locator`` is visible.</doc>
<status status="PASS" start="2025-10-19T14:54:57.493731" elapsed="0.017264"/>
</kw>
<kw name="Run Keyword If" owner="BuiltIn">
<kw name="Input Text" owner="SeleniumLibrary">
<msg time="2025-10-19T14:54:57.511864" level="INFO">Typing text 'testuser_empty' into text field 'name=uname'.</msg>
<arg>name=uname</arg>
<arg>testuser_empty</arg>
<doc>Types the given ``text`` into the text field identified by ``locator``.</doc>
<status status="PASS" start="2025-10-19T14:54:57.511624" elapsed="0.109063"/>
</kw>
<arg>'${field_type}' == 'username'</arg>
<arg>Input Text</arg>
<arg>name=uname</arg>
<arg>${EMPTY}</arg>
<arg>ELSE</arg>
<arg>Input Text</arg>
<arg>name=uname</arg>
<arg>testuser_empty</arg>
<doc>Runs the given keyword with the given arguments, if ``condition`` is true.</doc>
<status status="PASS" start="2025-10-19T14:54:57.511254" elapsed="0.109599"/>
</kw>
<kw name="Input Text" owner="SeleniumLibrary">
<msg time="2025-10-19T14:54:57.621463" level="INFO">Typing text 'Test' into text field 'name=fname'.</msg>
<arg>name=fname</arg>
<arg>Test</arg>
<doc>Types the given ``text`` into the text field identified by ``locator``.</doc>
<status status="PASS" start="2025-10-19T14:54:57.621118" elapsed="0.092939"/>
</kw>
<kw name="Input Text" owner="SeleniumLibrary">
<msg time="2025-10-19T14:54:57.714719" level="INFO">Typing text 'User' into text field 'name=lname'.</msg>
<arg>name=lname</arg>
<arg>User</arg>
<doc>Types the given ``text`` into the text field identified by ``locator``.</doc>
<status status="PASS" start="2025-10-19T14:54:57.714367" elapsed="0.129503"/>
</kw>
<kw name="Run Keyword If" owner="BuiltIn">
<kw name="Input Text" owner="SeleniumLibrary">
<msg time="2025-10-19T14:54:57.845546" level="INFO">Typing text '' into text field 'name=email'.</msg>
<arg>name=email</arg>
<arg>${EMPTY}</arg>
<doc>Types the given ``text`` into the text field identified by ``locator``.</doc>
<status status="PASS" start="2025-10-19T14:54:57.844854" elapsed="0.108383"/>
</kw>
<arg>'${field_type}' == 'email'</arg>
<arg>Input Text</arg>
<arg>name=email</arg>
<arg>${EMPTY}</arg>
<arg>ELSE</arg>
<arg>Input Text</arg>
<arg>name=email</arg>
<arg>test_empty@example.com</arg>
<doc>Runs the given keyword with the given arguments, if ``condition`` is true.</doc>
<status status="PASS" start="2025-10-19T14:54:57.844293" elapsed="0.109152"/>
</kw>
<kw name="Input Text" owner="SeleniumLibrary">
<msg time="2025-10-19T14:54:57.954108" level="INFO">Typing text '1234567890' into text field 'name=phone'.</msg>
<arg>name=phone</arg>
<arg>1234567890</arg>
<doc>Types the given ``text`` into the text field identified by ``locator``.</doc>
<status status="PASS" start="2025-10-19T14:54:57.953757" elapsed="0.125658"/>
</kw>
<kw name="Run Keyword If" owner="BuiltIn">
<kw name="Input Text" owner="SeleniumLibrary">
<msg time="2025-10-19T14:54:58.080616" level="INFO">Typing text 'testpass123' into text field 'name=password'.</msg>
<arg>name=password</arg>
<arg>testpass123</arg>
<doc>Types the given ``text`` into the text field identified by ``locator``.</doc>
<status status="PASS" start="2025-10-19T14:54:58.080277" elapsed="0.124750"/>
</kw>
<arg>'${field_type}' == 'password'</arg>
<arg>Input Text</arg>
<arg>name=password</arg>
<arg>${EMPTY}</arg>
<arg>ELSE</arg>
<arg>Input Text</arg>
<arg>name=password</arg>
<arg>testpass123</arg>
<doc>Runs the given keyword with the given arguments, if ``condition`` is true.</doc>
<status status="PASS" start="2025-10-19T14:54:58.079738" elapsed="0.125418"/>
</kw>
<kw name="Click Button" owner="SeleniumLibrary">
<msg time="2025-10-19T14:54:58.205629" level="INFO">Clicking button 'xpath=//input[@value='Create']'.</msg>
<arg>xpath=//input[@value='Create']</arg>
<doc>Clicks the button identified by ``locator``.</doc>
<status status="PASS" start="2025-10-19T14:54:58.205359" elapsed="0.080489"/>
</kw>
<kw name="Sleep" owner="BuiltIn">
<msg time="2025-10-19T14:54:59.286521" level="INFO">Slept 1 second.</msg>
<arg>1s</arg>
<doc>Pauses the test executed for the given time.</doc>
<status status="PASS" start="2025-10-19T14:54:58.286113" elapsed="1.000530"/>
</kw>
<arg>email</arg>
<doc>Register with one empty field</doc>
<status status="PASS" start="2025-10-19T14:54:57.493245" elapsed="1.793551"/>
</kw>
<kw name="Verify Registration Fails" owner="LoginRegistrationTest">
<kw name="Capture Page Screenshot" owner="SeleniumLibrary">
<msg time="2025-10-19T14:54:59.738933" level="INFO" html="true">&lt;/td&gt;&lt;/tr&gt;&lt;tr&gt;&lt;td colspan="3"&gt;&lt;a href="registration_failure_2.png"&gt;&lt;img src="registration_failure_2.png" width="800px"&gt;&lt;/a&gt;</msg>
<arg>registration_failure_{index}.png</arg>
<doc>Takes a screenshot of the current page and embeds it into a log file.</doc>
<status status="PASS" start="2025-10-19T14:54:59.287728" elapsed="0.451358"/>
</kw>
<kw name="Get Location" owner="SeleniumLibrary">
<msg time="2025-10-19T14:54:59.747301" level="INFO">${current_url} = http://localhost:8000/staffsignup/</msg>
<var>${current_url}</var>
<doc>Returns the current browser window URL.</doc>
<status status="PASS" start="2025-10-19T14:54:59.739317" elapsed="0.008058"/>
</kw>
<kw name="Should Not Contain" owner="BuiltIn">
<arg>${current_url}</arg>
<arg>dashboard</arg>
<doc>Fails if ``container`` contains ``item`` one or more times.</doc>
<status status="PASS" start="2025-10-19T14:54:59.747674" elapsed="0.000341"/>
</kw>
<kw name="Should Not Contain" owner="BuiltIn">
<arg>${current_url}</arg>
<arg>stafflogin</arg>
<doc>Fails if ``container`` contains ``item`` one or more times.</doc>
<status status="PASS" start="2025-10-19T14:54:59.748350" elapsed="0.000304"/>
</kw>
<doc>Verify that registration did not succeed and capture screenshot</doc>
<status status="PASS" start="2025-10-19T14:54:59.287315" elapsed="0.461501"/>
</kw>
<doc>Test registration with empty email field</doc>
<status status="PASS" start="2025-10-19T14:54:57.403447" elapsed="2.345936"/>
</test>
<test id="s1-t5" name="Test Registration With Empty Password" line="35">
<kw name="Go To Staff Signup Page" owner="LoginRegistrationTest">
<kw name="Go To" owner="SeleniumLibrary">
<msg time="2025-10-19T14:54:59.751189" level="INFO">Opening url 'http://localhost:8000/staffsignup/'</msg>
<arg>${URL}/staffsignup/</arg>
<doc>Navigates the current browser window to the provided ``url``.</doc>
<status status="PASS" start="2025-10-19T14:54:59.751014" elapsed="0.063719"/>
</kw>
<kw name="Page Should Contain" owner="SeleniumLibrary">
<msg time="2025-10-19T14:54:59.828842" level="INFO">Current page contains text 'STAFF SIGNUP'.</msg>
<arg>STAFF SIGNUP</arg>
<doc>Verifies that current page contains ``text``.</doc>
<status status="PASS" start="2025-10-19T14:54:59.815054" elapsed="0.013932"/>
</kw>
<doc>Navigate to staff signup page</doc>
<status status="PASS" start="2025-10-19T14:54:59.750650" elapsed="0.078503"/>
</kw>
<kw name="Register User With Empty Field" owner="LoginRegistrationTest">
<kw name="Wait Until Element Is Visible" owner="SeleniumLibrary">
<arg>name=uname</arg>
<arg>timeout=5s</arg>
<doc>Waits until the element ``locator`` is visible.</doc>
<status status="PASS" start="2025-10-19T14:54:59.830351" elapsed="0.019196"/>
</kw>
<kw name="Run Keyword If" owner="BuiltIn">
<kw name="Input Text" owner="SeleniumLibrary">
<msg time="2025-10-19T14:54:59.850683" level="INFO">Typing text 'testuser_empty' into text field 'name=uname'.</msg>
<arg>name=uname</arg>
<arg>testuser_empty</arg>
<doc>Types the given ``text`` into the text field identified by ``locator``.</doc>
<status status="PASS" start="2025-10-19T14:54:59.850358" elapsed="0.116410"/>
</kw>
<arg>'${field_type}' == 'username'</arg>
<arg>Input Text</arg>
<arg>name=uname</arg>
<arg>${EMPTY}</arg>
<arg>ELSE</arg>
<arg>Input Text</arg>
<arg>name=uname</arg>
<arg>testuser_empty</arg>
<doc>Runs the given keyword with the given arguments, if ``condition`` is true.</doc>
<status status="PASS" start="2025-10-19T14:54:59.849861" elapsed="0.117062"/>
</kw>
<kw name="Input Text" owner="SeleniumLibrary">
<msg time="2025-10-19T14:54:59.967453" level="INFO">Typing text 'Test' into text field 'name=fname'.</msg>
<arg>name=fname</arg>
<arg>Test</arg>
<doc>Types the given ``text`` into the text field identified by ``locator``.</doc>
<status status="PASS" start="2025-10-19T14:54:59.967162" elapsed="0.095083"/>
</kw>
<kw name="Input Text" owner="SeleniumLibrary">
<msg time="2025-10-19T14:55:00.062847" level="INFO">Typing text 'User' into text field 'name=lname'.</msg>
<arg>name=lname</arg>
<arg>User</arg>
<doc>Types the given ``text`` into the text field identified by ``locator``.</doc>
<status status="PASS" start="2025-10-19T14:55:00.062524" elapsed="0.121798"/>
</kw>
<kw name="Run Keyword If" owner="BuiltIn">
<kw name="Input Text" owner="SeleniumLibrary">
<msg time="2025-10-19T14:55:00.185312" level="INFO">Typing text 'test_empty@example.com' into text field 'name=email'.</msg>
<arg>name=email</arg>
<arg>test_empty@example.com</arg>
<doc>Types the given ``text`` into the text field identified by ``locator``.</doc>
<status status="PASS" start="2025-10-19T14:55:00.185052" elapsed="0.142884"/>
</kw>
<arg>'${field_type}' == 'email'</arg>
<arg>Input Text</arg>
<arg>name=email</arg>
<arg>${EMPTY}</arg>
<arg>ELSE</arg>
<arg>Input Text</arg>
<arg>name=email</arg>
<arg>test_empty@example.com</arg>
<doc>Runs the given keyword with the given arguments, if ``condition`` is true.</doc>
<status status="PASS" start="2025-10-19T14:55:00.184617" elapsed="0.143512"/>
</kw>
<kw name="Input Text" owner="SeleniumLibrary">
<msg time="2025-10-19T14:55:00.328880" level="INFO">Typing text '1234567890' into text field 'name=phone'.</msg>
<arg>name=phone</arg>
<arg>1234567890</arg>
<doc>Types the given ``text`` into the text field identified by ``locator``.</doc>
<status status="PASS" start="2025-10-19T14:55:00.328446" elapsed="0.112133"/>
</kw>
<kw name="Run Keyword If" owner="BuiltIn">
<kw name="Input Text" owner="SeleniumLibrary">
<msg time="2025-10-19T14:55:00.442507" level="INFO">Typing text '' into text field 'name=password'.</msg>
<arg>name=password</arg>
<arg>${EMPTY}</arg>
<doc>Types the given ``text`` into the text field identified by ``locator``.</doc>
<status status="PASS" start="2025-10-19T14:55:00.441463" elapsed="0.103732"/>
</kw>
<arg>'${field_type}' == 'password'</arg>
<arg>Input Text</arg>
<arg>name=password</arg>
<arg>${EMPTY}</arg>
<arg>ELSE</arg>
<arg>Input Text</arg>
<arg>name=password</arg>
<arg>testpass123</arg>
<doc>Runs the given keyword with the given arguments, if ``condition`` is true.</doc>
<status status="PASS" start="2025-10-19T14:55:00.440923" elapsed="0.104430"/>
</kw>
<kw name="Click Button" owner="SeleniumLibrary">
<msg time="2025-10-19T14:55:00.545978" level="INFO">Clicking button 'xpath=//input[@value='Create']'.</msg>
<arg>xpath=//input[@value='Create']</arg>
<doc>Clicks the button identified by ``locator``.</doc>
<status status="PASS" start="2025-10-19T14:55:00.545637" elapsed="0.079319"/>
</kw>
<kw name="Sleep" owner="BuiltIn">
<msg time="2025-10-19T14:55:01.625598" level="INFO">Slept 1 second.</msg>
<arg>1s</arg>
<doc>Pauses the test executed for the given time.</doc>
<status status="PASS" start="2025-10-19T14:55:00.625196" elapsed="1.000558"/>
</kw>
<arg>password</arg>
<doc>Register with one empty field</doc>
<status status="PASS" start="2025-10-19T14:54:59.829777" elapsed="1.796123"/>
</kw>
<kw name="Verify Registration Fails" owner="LoginRegistrationTest">
<kw name="Capture Page Screenshot" owner="SeleniumLibrary">
<msg time="2025-10-19T14:55:02.078189" level="INFO" html="true">&lt;/td&gt;&lt;/tr&gt;&lt;tr&gt;&lt;td colspan="3"&gt;&lt;a href="registration_failure_3.png"&gt;&lt;img src="registration_failure_3.png" width="800px"&gt;&lt;/a&gt;</msg>
<arg>registration_failure_{index}.png</arg>
<doc>Takes a screenshot of the current page and embeds it into a log file.</doc>
<status status="PASS" start="2025-10-19T14:55:01.627143" elapsed="0.451246"/>
</kw>
<kw name="Get Location" owner="SeleniumLibrary">
<msg time="2025-10-19T14:55:02.085871" level="INFO">${current_url} = http://localhost:8000/staffsignup/</msg>
<var>${current_url}</var>
<doc>Returns the current browser window URL.</doc>
<status status="PASS" start="2025-10-19T14:55:02.078641" elapsed="0.007316"/>
</kw>
<kw name="Should Not Contain" owner="BuiltIn">
<arg>${current_url}</arg>
<arg>dashboard</arg>
<doc>Fails if ``container`` contains ``item`` one or more times.</doc>
<status status="PASS" start="2025-10-19T14:55:02.086202" elapsed="0.000287"/>
</kw>
<kw name="Should Not Contain" owner="BuiltIn">
<arg>${current_url}</arg>
<arg>stafflogin</arg>
<doc>Fails if ``container`` contains ``item`` one or more times.</doc>
<status status="PASS" start="2025-10-19T14:55:02.086688" elapsed="0.000308"/>
</kw>
<doc>Verify that registration did not succeed and capture screenshot</doc>
<status status="PASS" start="2025-10-19T14:55:01.626530" elapsed="0.460693"/>
</kw>
<doc>Test registration with empty password field</doc>
<status status="PASS" start="2025-10-19T14:54:59.749928" elapsed="2.337726"/>
</test>
<test id="s1-t6" name="Test Login With Empty Username" line="41">
<kw name="Go To Staff Login Page" owner="LoginRegistrationTest">
<kw name="Go To" owner="SeleniumLibrary">
<msg time="2025-10-19T14:55:02.089573" level="INFO">Opening url 'http://localhost:8000/stafflogin/'</msg>
<arg>${URL}/stafflogin/</arg>
<doc>Navigates the current browser window to the provided ``url``.</doc>
<status status="PASS" start="2025-10-19T14:55:02.089391" elapsed="0.084413"/>
</kw>
<kw name="Page Should Contain" owner="SeleniumLibrary">
<msg time="2025-10-19T14:55:02.354631" level="INFO" html="true">&lt;/td&gt;&lt;/tr&gt;&lt;tr&gt;&lt;td colspan="3"&gt;&lt;a href="selenium-screenshot-2.png"&gt;&lt;img src="selenium-screenshot-2.png" width="800px"&gt;&lt;/a&gt;</msg>
<msg time="2025-10-19T14:55:02.355130" level="FAIL">Page should have contained text 'Staff Login' but did not.</msg>
<arg>Staff Login</arg>
<doc>Verifies that current page contains ``text``.</doc>
<status status="FAIL" start="2025-10-19T14:55:02.174148" elapsed="0.183309">Page should have contained text 'Staff Login' but did not.</status>
</kw>
<doc>Navigate to staff login page</doc>
<status status="FAIL" start="2025-10-19T14:55:02.089057" elapsed="0.268616">Page should have contained text 'Staff Login' but did not.</status>
</kw>
<kw name="Login With Empty Field" owner="LoginRegistrationTest">
<arg>username</arg>
<doc>Login with empty field(s)</doc>
<status status="NOT RUN" start="2025-10-19T14:55:02.358126" elapsed="0.000089"/>
</kw>
<kw name="Verify Login Fails" owner="LoginRegistrationTest">
<doc>Verify that login did not succeed and capture screenshot</doc>
<status status="NOT RUN" start="2025-10-19T14:55:02.358705" elapsed="0.000084"/>
</kw>
<doc>Test login with empty username field</doc>
<status status="FAIL" start="2025-10-19T14:55:02.088339" elapsed="0.270807">Page should have contained text 'Staff Login' but did not.</status>
</test>
<test id="s1-t7" name="Test Login With Empty Password" line="47">
<kw name="Go To Staff Login Page" owner="LoginRegistrationTest">
<kw name="Go To" owner="SeleniumLibrary">
<msg time="2025-10-19T14:55:02.362431" level="INFO">Opening url 'http://localhost:8000/stafflogin/'</msg>
<arg>${URL}/stafflogin/</arg>
<doc>Navigates the current browser window to the provided ``url``.</doc>
<status status="PASS" start="2025-10-19T14:55:02.362029" elapsed="0.069998"/>
</kw>
<kw name="Page Should Contain" owner="SeleniumLibrary">
<msg time="2025-10-19T14:55:02.603838" level="INFO" html="true">&lt;/td&gt;&lt;/tr&gt;&lt;tr&gt;&lt;td colspan="3"&gt;&lt;a href="selenium-screenshot-3.png"&gt;&lt;img src="selenium-screenshot-3.png" width="800px"&gt;&lt;/a&gt;</msg>
<msg time="2025-10-19T14:55:02.604056" level="FAIL">Page should have contained text 'Staff Login' but did not.</msg>
<arg>Staff Login</arg>
<doc>Verifies that current page contains ``text``.</doc>
<status status="FAIL" start="2025-10-19T14:55:02.432371" elapsed="0.172743">Page should have contained text 'Staff Login' but did not.</status>
</kw>
<doc>Navigate to staff login page</doc>
<status status="FAIL" start="2025-10-19T14:55:02.361253" elapsed="0.244088">Page should have contained text 'Staff Login' but did not.</status>
</kw>
<kw name="Login With Empty Field" owner="LoginRegistrationTest">
<arg>password</arg>
<doc>Login with empty field(s)</doc>
<status status="NOT RUN" start="2025-10-19T14:55:02.606003" elapsed="0.000125"/>
</kw>
<kw name="Verify Login Fails" owner="LoginRegistrationTest">
<doc>Verify that login did not succeed and capture screenshot</doc>
<status status="NOT RUN" start="2025-10-19T14:55:02.606517" elapsed="0.000047"/>
</kw>
<doc>Test login with empty password field</doc>
<status status="FAIL" start="2025-10-19T14:55:02.360072" elapsed="0.246781">Page should have contained text 'Staff Login' but did not.</status>
</test>
<test id="s1-t8" name="Test Login With Both Fields Empty" line="53">
<kw name="Go To Staff Login Page" owner="LoginRegistrationTest">
<kw name="Go To" owner="SeleniumLibrary">
<msg time="2025-10-19T14:55:02.609263" level="INFO">Opening url 'http://localhost:8000/stafflogin/'</msg>
<arg>${URL}/stafflogin/</arg>
<doc>Navigates the current browser window to the provided ``url``.</doc>
<status status="PASS" start="2025-10-19T14:55:02.609007" elapsed="0.076183"/>
</kw>
<kw name="Page Should Contain" owner="SeleniumLibrary">
<msg time="2025-10-19T14:55:02.890036" level="INFO" html="true">&lt;/td&gt;&lt;/tr&gt;&lt;tr&gt;&lt;td colspan="3"&gt;&lt;a href="selenium-screenshot-4.png"&gt;&lt;img src="selenium-screenshot-4.png" width="800px"&gt;&lt;/a&gt;</msg>
<msg time="2025-10-19T14:55:02.890355" level="FAIL">Page should have contained text 'Staff Login' but did not.</msg>
<arg>Staff Login</arg>
<doc>Verifies that current page contains ``text``.</doc>
<status status="FAIL" start="2025-10-19T14:55:02.685490" elapsed="0.206420">Page should have contained text 'Staff Login' but did not.</status>
</kw>
<doc>Navigate to staff login page</doc>
<status status="FAIL" start="2025-10-19T14:55:02.608529" elapsed="0.283683">Page should have contained text 'Staff Login' but did not.</status>
</kw>
<kw name="Login With Empty Field" owner="LoginRegistrationTest">
<arg>both</arg>
<doc>Login with empty field(s)</doc>
<status status="NOT RUN" start="2025-10-19T14:55:02.893963" elapsed="0.000138"/>
</kw>
<kw name="Verify Login Fails" owner="LoginRegistrationTest">
<doc>Verify that login did not succeed and capture screenshot</doc>
<status status="NOT RUN" start="2025-10-19T14:55:02.894853" elapsed="0.000098"/>
</kw>
<doc>Test login with both username and password empty</doc>
<status status="FAIL" start="2025-10-19T14:55:02.607656" elapsed="0.287808">Page should have contained text 'Staff Login' but did not.</status>
</test>
<test id="s1-t9" name="Test Registration With Special Characters In Username" line="60">
<kw name="Go To Staff Signup Page" owner="LoginRegistrationTest">
<kw name="Go To" owner="SeleniumLibrary">
<msg time="2025-10-19T14:55:02.898457" level="INFO">Opening url 'http://localhost:8000/staffsignup/'</msg>
<arg>${URL}/staffsignup/</arg>
<doc>Navigates the current browser window to the provided ``url``.</doc>
<status status="PASS" start="2025-10-19T14:55:02.898039" elapsed="0.077496"/>
</kw>
<kw name="Page Should Contain" owner="SeleniumLibrary">
<msg time="2025-10-19T14:55:02.990823" level="INFO">Current page contains text 'STAFF SIGNUP'.</msg>
<arg>STAFF SIGNUP</arg>
<doc>Verifies that current page contains ``text``.</doc>
<status status="PASS" start="2025-10-19T14:55:02.975805" elapsed="0.015177"/>
</kw>
<doc>Navigate to staff signup page</doc>
<status status="PASS" start="2025-10-19T14:55:02.896960" elapsed="0.094188"/>
</kw>
<kw name="Register User With Special Chars" owner="LoginRegistrationTest">
<kw name="Wait Until Element Is Visible" owner="SeleniumLibrary">
<arg>name=uname</arg>
<arg>timeout=5s</arg>
<doc>Waits until the element ``locator`` is visible.</doc>
<status status="PASS" start="2025-10-19T14:55:02.992385" elapsed="0.017172"/>
</kw>
<kw name="Run Keyword If" owner="BuiltIn">
<kw name="Input Text" owner="SeleniumLibrary">
<msg time="2025-10-19T14:55:03.011134" level="INFO">Typing text 'user@#$%' into text field 'name=uname'.</msg>
<arg>name=uname</arg>
<arg>${special_value}</arg>
<doc>Types the given ``text`` into the text field identified by ``locator``.</doc>
<status status="PASS" start="2025-10-19T14:55:03.010758" elapsed="0.106379"/>
</kw>
<arg>'${field_type}' == 'username'</arg>
<arg>Input Text</arg>
<arg>name=uname</arg>
<arg>${special_value}</arg>
<arg>ELSE</arg>
<arg>Input Text</arg>
<arg>name=uname</arg>
<arg>testuser_special_${special_value}</arg>
<doc>Runs the given keyword with the given arguments, if ``condition`` is true.</doc>
<status status="PASS" start="2025-10-19T14:55:03.010057" elapsed="0.107319"/>
</kw>
<kw name="Input Text" owner="SeleniumLibrary">
<msg time="2025-10-19T14:55:03.118189" level="INFO">Typing text 'Test' into text field 'name=fname'.</msg>
<arg>name=fname</arg>
<arg>Test</arg>
<doc>Types the given ``text`` into the text field identified by ``locator``.</doc>
<status status="PASS" start="2025-10-19T14:55:03.117712" elapsed="0.101845"/>
</kw>
<kw name="Input Text" owner="SeleniumLibrary">
<msg time="2025-10-19T14:55:03.220198" level="INFO">Typing text 'User' into text field 'name=lname'.</msg>
<arg>name=lname</arg>
<arg>User</arg>
<doc>Types the given ``text`` into the text field identified by ``locator``.</doc>
<status status="PASS" start="2025-10-19T14:55:03.219853" elapsed="0.132899"/>
</kw>
<kw name="Run Keyword If" owner="BuiltIn">
<kw name="Input Text" owner="SeleniumLibrary">
<msg time="2025-10-19T14:55:03.353775" level="INFO">Typing text 'testspecial_user@#$%@example.com' into text field 'name=email'.</msg>
<arg>name=email</arg>
<arg>testspecial_${special_value}@example.com</arg>
<doc>Types the given ``text`` into the text field identified by ``locator``.</doc>
<status status="PASS" start="2025-10-19T14:55:03.353451" elapsed="0.156362"/>
</kw>
<arg>'${field_type}' == 'email'</arg>
<arg>Input Text</arg>
<arg>name=email</arg>
<arg>${special_value}</arg>
<arg>ELSE</arg>
<arg>Input Text</arg>
<arg>name=email</arg>
<arg>testspecial_${special_value}@example.com</arg>
<doc>Runs the given keyword with the given arguments, if ``condition`` is true.</doc>
<status status="PASS" start="2025-10-19T14:55:03.353047" elapsed="0.157197"/>
</kw>
<kw name="Input Text" owner="SeleniumLibrary">
<msg time="2025-10-19T14:55:03.511790" level="INFO">Typing text '1234567890' into text field 'name=phone'.</msg>
<arg>name=phone</arg>
<arg>1234567890</arg>
<doc>Types the given ``text`` into the text field identified by ``locator``.</doc>
<status status="PASS" start="2025-10-19T14:55:03.510750" elapsed="0.102133"/>
</kw>
<kw name="Input Text" owner="SeleniumLibrary">
<msg time="2025-10-19T14:55:03.613451" level="INFO">Typing text 'testpass123' into text field 'name=password'.</msg>
<arg>name=password</arg>
<arg>testpass123</arg>
<doc>Types the given ``text`` into the text field identified by ``locator``.</doc>
<status status="PASS" start="2025-10-19T14:55:03.613151" elapsed="0.120249"/>
</kw>
<kw name="Click Button" owner="SeleniumLibrary">
<msg time="2025-10-19T14:55:03.733930" level="INFO">Clicking button 'xpath=//input[@value='Create']'.</msg>
<arg>xpath=//input[@value='Create']</arg>
<doc>Clicks the button identified by ``locator``.</doc>
<status status="PASS" start="2025-10-19T14:55:03.733654" elapsed="0.083188"/>
</kw>
<kw name="Sleep" owner="BuiltIn">
<msg time="2025-10-19T14:55:04.817800" level="INFO">Slept 1 second.</msg>
<arg>1s</arg>
<doc>Pauses the test executed for the given time.</doc>
<status status="PASS" start="2025-10-19T14:55:03.817122" elapsed="1.000833"/>
</kw>
<arg>username</arg>
<arg>user@#$%</arg>
<doc>Register with special characters in specified field</doc>
<status status="PASS" start="2025-10-19T14:55:02.991826" elapsed="1.826271"/>
</kw>
<kw name="Verify Registration Behavior" owner="LoginRegistrationTest">
<kw name="Capture Page Screenshot" owner="SeleniumLibrary">
<msg time="2025-10-19T14:55:05.257618" level="INFO" html="true">&lt;/td&gt;&lt;/tr&gt;&lt;tr&gt;&lt;td colspan="3"&gt;&lt;a href="registration_behavior_1.png"&gt;&lt;img src="registration_behavior_1.png" width="800px"&gt;&lt;/a&gt;</msg>
<arg>registration_behavior_{index}.png</arg>
<doc>Takes a screenshot of the current page and embeds it into a log file.</doc>
<status status="PASS" start="2025-10-19T14:55:04.818984" elapsed="0.438789"/>
</kw>
<kw name="Get Location" owner="SeleniumLibrary">
<msg time="2025-10-19T14:55:05.265904" level="INFO">${current_url} = http://localhost:8000/staffsignup/</msg>
<var>${current_url}</var>
<doc>Returns the current browser window URL.</doc>
<status status="PASS" start="2025-10-19T14:55:05.258023" elapsed="0.007980"/>
</kw>
<kw name="Log" owner="BuiltIn">
<msg time="2025-10-19T14:55:05.266801" level="INFO">Current URL: http://localhost:8000/staffsignup/</msg>
<arg>Current URL: ${current_url}</arg>
<doc>Logs the given message with the given level.</doc>
<status status="PASS" start="2025-10-19T14:55:05.266433" elapsed="0.000507"/>
</kw>
<doc>Verify registration behavior and capture screenshot</doc>
<status status="PASS" start="2025-10-19T14:55:04.818574" elapsed="0.448593"/>
</kw>
<doc>Test registration with special characters in username</doc>
<status status="PASS" start="2025-10-19T14:55:02.896233" elapsed="2.371388"/>
</test>
<test id="s1-t10" name="Test Registration With Special Characters In Email" line="66">
<kw name="Go To Staff Signup Page" owner="LoginRegistrationTest">
<kw name="Go To" owner="SeleniumLibrary">
<msg time="2025-10-19T14:55:05.270699" level="INFO">Opening url 'http://localhost:8000/staffsignup/'</msg>
<arg>${URL}/staffsignup/</arg>
<doc>Navigates the current browser window to the provided ``url``.</doc>
<status status="PASS" start="2025-10-19T14:55:05.270307" elapsed="0.060178"/>
</kw>
<kw name="Page Should Contain" owner="SeleniumLibrary">
<msg time="2025-10-19T14:55:05.347760" level="INFO">Current page contains text 'STAFF SIGNUP'.</msg>
<arg>STAFF SIGNUP</arg>
<doc>Verifies that current page contains ``text``.</doc>
<status status="PASS" start="2025-10-19T14:55:05.330889" elapsed="0.017043"/>
</kw>
<doc>Navigate to staff signup page</doc>
<status status="PASS" start="2025-10-19T14:55:05.269680" elapsed="0.078425"/>
</kw>
<kw name="Register User With Special Chars" owner="LoginRegistrationTest">
<kw name="Wait Until Element Is Visible" owner="SeleniumLibrary">
<arg>name=uname</arg>
<arg>timeout=5s</arg>
<doc>Waits until the element ``locator`` is visible.</doc>
<status status="PASS" start="2025-10-19T14:55:05.349907" elapsed="0.021241"/>
</kw>
<kw name="Run Keyword If" owner="BuiltIn">
<kw name="Input Text" owner="SeleniumLibrary">
<msg time="2025-10-19T14:55:05.372419" level="INFO">Typing text 'testuser_special_invalid@@email..com' into text field 'name=uname'.</msg>
<arg>name=uname</arg>
<arg>testuser_special_${special_value}</arg>
<doc>Types the given ``text`` into the text field identified by ``locator``.</doc>
<status status="PASS" start="2025-10-19T14:55:05.372012" elapsed="0.136417"/>
</kw>
<arg>'${field_type}' == 'username'</arg>
<arg>Input Text</arg>
<arg>name=uname</arg>
<arg>${special_value}</arg>
<arg>ELSE</arg>
<arg>Input Text</arg>
<arg>name=uname</arg>
<arg>testuser_special_${special_value}</arg>
<doc>Runs the given keyword with the given arguments, if ``condition`` is true.</doc>
<status status="PASS" start="2025-10-19T14:55:05.371492" elapsed="0.137092"/>
</kw>
<kw name="Input Text" owner="SeleniumLibrary">
<msg time="2025-10-19T14:55:05.509122" level="INFO">Typing text 'Test' into text field 'name=fname'.</msg>
<arg>name=fname</arg>
<arg>Test</arg>
<doc>Types the given ``text`` into the text field identified by ``locator``.</doc>
<status status="PASS" start="2025-10-19T14:55:05.508827" elapsed="0.098176"/>
</kw>
<kw name="Input Text" owner="SeleniumLibrary">
<msg time="2025-10-19T14:55:05.607694" level="INFO">Typing text 'User' into text field 'name=lname'.</msg>
<arg>name=lname</arg>
<arg>User</arg>
<doc>Types the given ``text`` into the text field identified by ``locator``.</doc>
<status status="PASS" start="2025-10-19T14:55:05.607259" elapsed="0.128658"/>
</kw>
<kw name="Run Keyword If" owner="BuiltIn">
<kw name="Input Text" owner="SeleniumLibrary">
<msg time="2025-10-19T14:55:05.736890" level="INFO">Typing text 'invalid@@email..com' into text field 'name=email'.</msg>
<arg>name=email</arg>
<arg>${special_value}</arg>
<doc>Types the given ``text`` into the text field identified by ``locator``.</doc>
<status status="PASS" start="2025-10-19T14:55:05.736584" elapsed="0.144655"/>
</kw>
<arg>'${field_type}' == 'email'</arg>
<arg>Input Text</arg>
<arg>name=email</arg>
<arg>${special_value}</arg>
<arg>ELSE</arg>
<arg>Input Text</arg>
<arg>name=email</arg>
<arg>testspecial_${special_value}@example.com</arg>
<doc>Runs the given keyword with the given arguments, if ``condition`` is true.</doc>
<status status="PASS" start="2025-10-19T14:55:05.736190" elapsed="0.145288"/>
</kw>
<kw name="Input Text" owner="SeleniumLibrary">
<msg time="2025-10-19T14:55:05.882329" level="INFO">Typing text '1234567890' into text field 'name=phone'.</msg>
<arg>name=phone</arg>
<arg>1234567890</arg>
<doc>Types the given ``text`` into the text field identified by ``locator``.</doc>
<status status="PASS" start="2025-10-19T14:55:05.881863" elapsed="0.111460"/>
</kw>
<kw name="Input Text" owner="SeleniumLibrary">
<msg time="2025-10-19T14:55:05.993933" level="INFO">Typing text 'testpass123' into text field 'name=password'.</msg>
<arg>name=password</arg>
<arg>testpass123</arg>
<doc>Types the given ``text`` into the text field identified by ``locator``.</doc>
<status status="PASS" start="2025-10-19T14:55:05.993602" elapsed="0.133248"/>
</kw>
<kw name="Click Button" owner="SeleniumLibrary">
<msg time="2025-10-19T14:55:06.127625" level="INFO">Clicking button 'xpath=//input[@value='Create']'.</msg>
<arg>xpath=//input[@value='Create']</arg>
<doc>Clicks the button identified by ``locator``.</doc>
<status status="PASS" start="2025-10-19T14:55:06.127305" elapsed="0.089334"/>
</kw>
<kw name="Sleep" owner="BuiltIn">
<msg time="2025-10-19T14:55:07.217749" level="INFO">Slept 1 second.</msg>
<arg>1s</arg>
<doc>Pauses the test executed for the given time.</doc>
<status status="PASS" start="2025-10-19T14:55:06.216937" elapsed="1.000998"/>
</kw>
<arg>email</arg>
<arg>invalid@@email..com</arg>
<doc>Register with special characters in specified field</doc>
<status status="PASS" start="2025-10-19T14:55:05.348734" elapsed="1.869386"/>
</kw>
<kw name="Verify Registration Fails" owner="LoginRegistrationTest">
<kw name="Capture Page Screenshot" owner="SeleniumLibrary">
<msg time="2025-10-19T14:55:07.657686" level="INFO" html="true">&lt;/td&gt;&lt;/tr&gt;&lt;tr&gt;&lt;td colspan="3"&gt;&lt;a href="registration_failure_4.png"&gt;&lt;img src="registration_failure_4.png" width="800px"&gt;&lt;/a&gt;</msg>
<arg>registration_failure_{index}.png</arg>
<doc>Takes a screenshot of the current page and embeds it into a log file.</doc>
<status status="PASS" start="2025-10-19T14:55:07.219182" elapsed="0.438745"/>
</kw>
<kw name="Get Location" owner="SeleniumLibrary">
<msg time="2025-10-19T14:55:07.668245" level="INFO">${current_url} = http://localhost:8000/staffsignup/</msg>
<var>${current_url}</var>
<doc>Returns the current browser window URL.</doc>
<status status="PASS" start="2025-10-19T14:55:07.658319" elapsed="0.009982"/>
</kw>
<kw name="Should Not Contain" owner="BuiltIn">
<arg>${current_url}</arg>
<arg>dashboard</arg>
<doc>Fails if ``container`` contains ``item`` one or more times.</doc>
<status status="PASS" start="2025-10-19T14:55:07.668505" elapsed="0.000243"/>
</kw>
<kw name="Should Not Contain" owner="BuiltIn">
<arg>${current_url}</arg>
<arg>stafflogin</arg>
<doc>Fails if ``container`` contains ``item`` one or more times.</doc>
<status status="PASS" start="2025-10-19T14:55:07.668895" elapsed="0.000199"/>
</kw>
<doc>Verify that registration did not succeed and capture screenshot</doc>
<status status="PASS" start="2025-10-19T14:55:07.218717" elapsed="0.450505"/>
</kw>
<doc>Test registration with invalid email containing special characters</doc>
<status status="PASS" start="2025-10-19T14:55:05.268445" elapsed="2.401346"/>
</test>
<test id="s1-t11" name="Test Registration With SQL Injection Attempt" line="72">
<kw name="Go To Staff Signup Page" owner="LoginRegistrationTest">
<kw name="Go To" owner="SeleniumLibrary">
<msg time="2025-10-19T14:55:07.672337" level="INFO">Opening url 'http://localhost:8000/staffsignup/'</msg>
<arg>${URL}/staffsignup/</arg>
<doc>Navigates the current browser window to the provided ``url``.</doc>
<status status="PASS" start="2025-10-19T14:55:07.672140" elapsed="0.069460"/>
</kw>
<kw name="Page Should Contain" owner="SeleniumLibrary">
<msg time="2025-10-19T14:55:07.760534" level="INFO">Current page contains text 'STAFF SIGNUP'.</msg>
<arg>STAFF SIGNUP</arg>
<doc>Verifies that current page contains ``text``.</doc>
<status status="PASS" start="2025-10-19T14:55:07.741916" elapsed="0.018759"/>
</kw>
<doc>Navigate to staff signup page</doc>
<status status="PASS" start="2025-10-19T14:55:07.671743" elapsed="0.089074"/>
</kw>
<kw name="Register User With Special Chars" owner="LoginRegistrationTest">
<kw name="Wait Until Element Is Visible" owner="SeleniumLibrary">
<arg>name=uname</arg>
<arg>timeout=5s</arg>
<doc>Waits until the element ``locator`` is visible.</doc>
<status status="PASS" start="2025-10-19T14:55:07.762305" elapsed="0.017215"/>
</kw>
<kw name="Run Keyword If" owner="BuiltIn">
<kw name="Input Text" owner="SeleniumLibrary">
<msg time="2025-10-19T14:55:07.780684" level="INFO">Typing text 'admin' OR '1'='1' into text field 'name=uname'.</msg>
<arg>name=uname</arg>
<arg>${special_value}</arg>
<doc>Types the given ``text`` into the text field identified by ``locator``.</doc>
<status status="PASS" start="2025-10-19T14:55:07.780259" elapsed="0.117875"/>
</kw>
<arg>'${field_type}' == 'username'</arg>
<arg>Input Text</arg>
<arg>name=uname</arg>
<arg>${special_value}</arg>
<arg>ELSE</arg>
<arg>Input Text</arg>
<arg>name=uname</arg>
<arg>testuser_special_${special_value}</arg>
<doc>Runs the given keyword with the given arguments, if ``condition`` is true.</doc>
<status status="PASS" start="2025-10-19T14:55:07.779790" elapsed="0.118528"/>
</kw>
<kw name="Input Text" owner="SeleniumLibrary">
<msg time="2025-10-19T14:55:07.898968" level="INFO">Typing text 'Test' into text field 'name=fname'.</msg>
<arg>name=fname</arg>
<arg>Test</arg>
<doc>Types the given ``text`` into the text field identified by ``locator``.</doc>
<status status="PASS" start="2025-10-19T14:55:07.898600" elapsed="0.113617"/>
</kw>
<kw name="Input Text" owner="SeleniumLibrary">
<msg time="2025-10-19T14:55:08.012788" level="INFO">Typing text 'User' into text field 'name=lname'.</msg>
<arg>name=lname</arg>
<arg>User</arg>
<doc>Types the given ``text`` into the text field identified by ``locator``.</doc>
<status status="PASS" start="2025-10-19T14:55:08.012471" elapsed="0.108636"/>
</kw>
<kw name="Run Keyword If" owner="BuiltIn">
<kw name="Input Text" owner="SeleniumLibrary">
<msg time="2025-10-19T14:55:08.122210" level="INFO">Typing text 'testspecial_admin' OR '1'='1@example.com' into text field 'name=email'.</msg>
<arg>name=email</arg>
<arg>testspecial_${special_value}@example.com</arg>
<doc>Types the given ``text`` into the text field identified by ``locator``.</doc>
<status status="PASS" start="2025-10-19T14:55:08.121843" elapsed="0.160213"/>
</kw>
<arg>'${field_type}' == 'email'</arg>
<arg>Input Text</arg>
<arg>name=email</arg>
<arg>${special_value}</arg>
<arg>ELSE</arg>
<arg>Input Text</arg>
<arg>name=email</arg>
<arg>testspecial_${special_value}@example.com</arg>
<doc>Runs the given keyword with the given arguments, if ``condition`` is true.</doc>
<status status="PASS" start="2025-10-19T14:55:08.121406" elapsed="0.160918"/>
</kw>
<kw name="Input Text" owner="SeleniumLibrary">
<msg time="2025-10-19T14:55:08.283193" level="INFO">Typing text '1234567890' into text field 'name=phone'.</msg>
<arg>name=phone</arg>
<arg>1234567890</arg>
<doc>Types the given ``text`` into the text field identified by ``locator``.</doc>
<status status="PASS" start="2025-10-19T14:55:08.282733" elapsed="0.109075"/>
</kw>
<kw name="Input Text" owner="SeleniumLibrary">
<msg time="2025-10-19T14:55:08.392357" level="INFO">Typing text 'testpass123' into text field 'name=password'.</msg>
<arg>name=password</arg>
<arg>testpass123</arg>
<doc>Types the given ``text`` into the text field identified by ``locator``.</doc>
<status status="PASS" start="2025-10-19T14:55:08.392064" elapsed="0.132243"/>
</kw>
<kw name="Click Button" owner="SeleniumLibrary">
<msg time="2025-10-19T14:55:08.524895" level="INFO">Clicking button 'xpath=//input[@value='Create']'.</msg>
<arg>xpath=//input[@value='Create']</arg>
<doc>Clicks the button identified by ``locator``.</doc>
<status status="PASS" start="2025-10-19T14:55:08.524588" elapsed="0.082117"/>
</kw>
<kw name="Sleep" owner="BuiltIn">
<msg time="2025-10-19T14:55:09.607867" level="INFO">Slept 1 second.</msg>
<arg>1s</arg>
<doc>Pauses the test executed for the given time.</doc>
<status status="PASS" start="2025-10-19T14:55:08.607018" elapsed="1.001033"/>
</kw>
<arg>username</arg>
<arg>admin' OR '1'='1</arg>
<doc>Register with special characters in specified field</doc>
<status status="PASS" start="2025-10-19T14:55:07.761412" elapsed="1.846824"/>
</kw>
<kw name="Verify Registration Behavior" owner="LoginRegistrationTest">
<kw name="Capture Page Screenshot" owner="SeleniumLibrary">
<msg time="2025-10-19T14:55:10.152305" level="INFO" html="true">&lt;/td&gt;&lt;/tr&gt;&lt;tr&gt;&lt;td colspan="3"&gt;&lt;a href="registration_behavior_2.png"&gt;&lt;img src="registration_behavior_2.png" width="800px"&gt;&lt;/a&gt;</msg>
<arg>registration_behavior_{index}.png</arg>
<doc>Takes a screenshot of the current page and embeds it into a log file.</doc>
<status status="PASS" start="2025-10-19T14:55:09.609734" elapsed="0.542878"/>
</kw>
<kw name="Get Location" owner="SeleniumLibrary">
<msg time="2025-10-19T14:55:10.160372" level="INFO">${current_url} = http://localhost:8000/staffsignup/</msg>
<var>${current_url}</var>
<doc>Returns the current browser window URL.</doc>
<status status="PASS" start="2025-10-19T14:55:10.152870" elapsed="0.007569"/>
</kw>
<kw name="Log" owner="BuiltIn">
<msg time="2025-10-19T14:55:10.161034" level="INFO">Current URL: http://localhost:8000/staffsignup/</msg>
<arg>Current URL: ${current_url}</arg>
<doc>Logs the given message with the given level.</doc>
<status status="PASS" start="2025-10-19T14:55:10.160694" elapsed="0.000428"/>
</kw>
<doc>Verify registration behavior and capture screenshot</doc>
<status status="PASS" start="2025-10-19T14:55:09.608943" elapsed="0.552306"/>
</kw>
<doc>Test registration security against SQL injection</doc>
<status status="PASS" start="2025-10-19T14:55:07.670727" elapsed="2.490889"/>
</test>
<test id="s1-t12" name="Test Login With Special Characters" line="78">
<kw name="Go To Staff Login Page" owner="LoginRegistrationTest">
<kw name="Go To" owner="SeleniumLibrary">
<msg time="2025-10-19T14:55:10.164669" level="INFO">Opening url 'http://localhost:8000/stafflogin/'</msg>
<arg>${URL}/stafflogin/</arg>
<doc>Navigates the current browser window to the provided ``url``.</doc>
<status status="PASS" start="2025-10-19T14:55:10.164268" elapsed="0.097838"/>
</kw>
<kw name="Page Should Contain" owner="SeleniumLibrary">
<msg time="2025-10-19T14:55:10.450087" level="INFO" html="true">&lt;/td&gt;&lt;/tr&gt;&lt;tr&gt;&lt;td colspan="3"&gt;&lt;a href="selenium-screenshot-5.png"&gt;&lt;img src="selenium-screenshot-5.png" width="800px"&gt;&lt;/a&gt;</msg>
<msg time="2025-10-19T14:55:10.450569" level="FAIL">Page should have contained text 'Staff Login' but did not.</msg>
<arg>Staff Login</arg>
<doc>Verifies that current page contains ``text``.</doc>
<status status="FAIL" start="2025-10-19T14:55:10.262722" elapsed="0.189501">Page should have contained text 'Staff Login' but did not.</status>
</kw>
<doc>Navigate to staff login page</doc>
<status status="FAIL" start="2025-10-19T14:55:10.163681" elapsed="0.288893">Page should have contained text 'Staff Login' but did not.</status>
</kw>
<kw name="Login With Special Chars" owner="LoginRegistrationTest">
<arg>user@#$%</arg>
<arg>pass@#$%</arg>
<doc>Login with special characters</doc>
<status status="NOT RUN" start="2025-10-19T14:55:10.453234" elapsed="0.000110"/>
</kw>
<kw name="Verify Login Fails" owner="LoginRegistrationTest">
<doc>Verify that login did not succeed and capture screenshot</doc>
<status status="NOT RUN" start="2025-10-19T14:55:10.453758" elapsed="0.000056"/>
</kw>
<doc>Test login with special characters in credentials</doc>
<status status="FAIL" start="2025-10-19T14:55:10.162649" elapsed="0.291464">Page should have contained text 'Staff Login' but did not.</status>
</test>
<test id="s1-t13" name="Test Registration With Very Long Username" line="85">
<kw name="Go To Staff Signup Page" owner="LoginRegistrationTest">
<kw name="Go To" owner="SeleniumLibrary">
<msg time="2025-10-19T14:55:10.457145" level="INFO">Opening url 'http://localhost:8000/staffsignup/'</msg>
<arg>${URL}/staffsignup/</arg>
<doc>Navigates the current browser window to the provided ``url``.</doc>
<status status="PASS" start="2025-10-19T14:55:10.456664" elapsed="0.086095"/>
</kw>
<kw name="Page Should Contain" owner="SeleniumLibrary">
<msg time="2025-10-19T14:55:10.562638" level="INFO">Current page contains text 'STAFF SIGNUP'.</msg>
<arg>STAFF SIGNUP</arg>
<doc>Verifies that current page contains ``text``.</doc>
<status status="PASS" start="2025-10-19T14:55:10.542998" elapsed="0.019830"/>
</kw>
<doc>Navigate to staff signup page</doc>
<status status="PASS" start="2025-10-19T14:55:10.456004" elapsed="0.106985"/>
</kw>
<kw name="Register User With Long Input" owner="LoginRegistrationTest">
<kw name="Wait Until Element Is Visible" owner="SeleniumLibrary">
<arg>name=uname</arg>
<arg>timeout=5s</arg>
<doc>Waits until the element ``locator`` is visible.</doc>
<status status="PASS" start="2025-10-19T14:55:10.564070" elapsed="0.018907"/>
</kw>
<kw name="Run Keyword If" owner="BuiltIn">
<kw name="Input Text" owner="SeleniumLibrary">
<msg time="2025-10-19T14:55:10.584690" level="INFO">Typing text 'abcdefghijklmnopqrstuvwxyz1234567890abcdefghijklmnopqrstuvwxyz' into text field 'name=uname'.</msg>
<arg>name=uname</arg>
<arg>${long_value}</arg>
<doc>Types the given ``text`` into the text field identified by ``locator``.</doc>
<status status="PASS" start="2025-10-19T14:55:10.584142" elapsed="0.186653"/>
</kw>
<arg>'${field_type}' == 'username'</arg>
<arg>Input Text</arg>
<arg>name=uname</arg>
<arg>${long_value}</arg>
<arg>ELSE</arg>
<arg>Input Text</arg>
<arg>name=uname</arg>
<arg>testuser_long</arg>
<doc>Runs the given keyword with the given arguments, if ``condition`` is true.</doc>
<status status="PASS" start="2025-10-19T14:55:10.583412" elapsed="0.187591"/>
</kw>
<kw name="Input Text" owner="SeleniumLibrary">
<msg time="2025-10-19T14:55:10.771710" level="INFO">Typing text 'Test' into text field 'name=fname'.</msg>
<arg>name=fname</arg>
<arg>Test</arg>
<doc>Types the given ``text`` into the text field identified by ``locator``.</doc>
<status status="PASS" start="2025-10-19T14:55:10.771328" elapsed="0.107248"/>
</kw>
<kw name="Input Text" owner="SeleniumLibrary">
<msg time="2025-10-19T14:55:10.879419" level="INFO">Typing text 'User' into text field 'name=lname'.</msg>
<arg>name=lname</arg>
<arg>User</arg>
<doc>Types the given ``text`` into the text field identified by ``locator``.</doc>
<status status="PASS" start="2025-10-19T14:55:10.878937" elapsed="0.137440"/>
</kw>
<kw name="Run Keyword If" owner="BuiltIn">
<kw name="Input Text" owner="SeleniumLibrary">
<msg time="2025-10-19T14:55:11.017352" level="INFO">Typing text 'testlong@example.com' into text field 'name=email'.</msg>
<arg>name=email</arg>
<arg>testlong@example.com</arg>
<doc>Types the given ``text`` into the text field identified by ``locator``.</doc>
<status status="PASS" start="2025-10-19T14:55:11.017079" elapsed="0.156634"/>
</kw>
<arg>'${field_type}' == 'email'</arg>
<arg>Input Text</arg>
<arg>name=email</arg>
<arg>${long_value}</arg>
<arg>ELSE</arg>
<arg>Input Text</arg>
<arg>name=email</arg>
<arg>testlong@example.com</arg>
<doc>Runs the given keyword with the given arguments, if ``condition`` is true.</doc>
<status status="PASS" start="2025-10-19T14:55:11.016661" elapsed="0.157213"/>
</kw>
<kw name="Input Text" owner="SeleniumLibrary">
<msg time="2025-10-19T14:55:11.174433" level="INFO">Typing text '1234567890' into text field 'name=phone'.</msg>
<arg>name=phone</arg>
<arg>1234567890</arg>
<doc>Types the given ``text`` into the text field identified by ``locator``.</doc>
<status status="PASS" start="2025-10-19T14:55:11.174119" elapsed="0.124904"/>
</kw>
<kw name="Input Text" owner="SeleniumLibrary">
<msg time="2025-10-19T14:55:11.299865" level="INFO">Typing text 'testpass123' into text field 'name=password'.</msg>
<arg>name=password</arg>
<arg>testpass123</arg>
<doc>Types the given ``text`` into the text field identified by ``locator``.</doc>
<status status="PASS" start="2025-10-19T14:55:11.299412" elapsed="0.138540"/>
</kw>
<kw name="Click Button" owner="SeleniumLibrary">
<msg time="2025-10-19T14:55:11.438632" level="INFO">Clicking button 'xpath=//input[@value='Create']'.</msg>
<arg>xpath=//input[@value='Create']</arg>
<doc>Clicks the button identified by ``locator``.</doc>
<status status="PASS" start="2025-10-19T14:55:11.438293" elapsed="0.153752"/>
</kw>
<kw name="Sleep" owner="BuiltIn">
<msg time="2025-10-19T14:55:12.592747" level="INFO">Slept 1 second.</msg>
<arg>1s</arg>
<doc>Pauses the test executed for the given time.</doc>
<status status="PASS" start="2025-10-19T14:55:11.592321" elapsed="1.000581"/>
</kw>
<arg>username</arg>
<arg>abcdefghijklmnopqrstuvwxyz1234567890abcdefghijklmnopqrstuvwxyz</arg>
<doc>Register with very long input in specified field</doc>
<status status="PASS" start="2025-10-19T14:55:10.563542" elapsed="2.029609"/>
</kw>
<kw name="Verify Registration Behavior" owner="LoginRegistrationTest">
<kw name="Capture Page Screenshot" owner="SeleniumLibrary">
<msg time="2025-10-19T14:55:12.966023" level="INFO" html="true">&lt;/td&gt;&lt;/tr&gt;&lt;tr&gt;&lt;td colspan="3"&gt;&lt;a href="registration_behavior_3.png"&gt;&lt;img src="registration_behavior_3.png" width="800px"&gt;&lt;/a&gt;</msg>
<arg>registration_behavior_{index}.png</arg>
<doc>Takes a screenshot of the current page and embeds it into a log file.</doc>
<status status="PASS" start="2025-10-19T14:55:12.594080" elapsed="0.372174"/>
</kw>
<kw name="Get Location" owner="SeleniumLibrary">
<msg time="2025-10-19T14:55:12.974789" level="INFO">${current_url} = http://localhost:8000/staffsignup/</msg>
<var>${current_url}</var>
<doc>Returns the current browser window URL.</doc>
<status status="PASS" start="2025-10-19T14:55:12.966582" elapsed="0.008301"/>
</kw>
<kw name="Log" owner="BuiltIn">
<msg time="2025-10-19T14:55:12.975596" level="INFO">Current URL: http://localhost:8000/staffsignup/</msg>
<arg>Current URL: ${current_url}</arg>
<doc>Logs the given message with the given level.</doc>
<status status="PASS" start="2025-10-19T14:55:12.975243" elapsed="0.000470"/>
</kw>
<doc>Verify registration behavior and capture screenshot</doc>
<status status="PASS" start="2025-10-19T14:55:12.593633" elapsed="0.382259"/>
</kw>
<doc>Test registration with username exceeding normal length</doc>
<status status="PASS" start="2025-10-19T14:55:10.455048" elapsed="2.521288"/>
</test>
<test id="s1-t14" name="Test Registration With Very Long Email" line="91">
<kw name="Go To Staff Signup Page" owner="LoginRegistrationTest">
<kw name="Go To" owner="SeleniumLibrary">
<msg time="2025-10-19T14:55:12.979812" level="INFO">Opening url 'http://localhost:8000/staffsignup/'</msg>
<arg>${URL}/staffsignup/</arg>
<doc>Navigates the current browser window to the provided ``url``.</doc>
<status status="PASS" start="2025-10-19T14:55:12.979510" elapsed="0.061987"/>
</kw>
<kw name="Page Should Contain" owner="SeleniumLibrary">
<msg time="2025-10-19T14:55:13.056699" level="INFO">Current page contains text 'STAFF SIGNUP'.</msg>
<arg>STAFF SIGNUP</arg>
<doc>Verifies that current page contains ``text``.</doc>
<status status="PASS" start="2025-10-19T14:55:13.041876" elapsed="0.014984"/>
</kw>
<doc>Navigate to staff signup page</doc>
<status status="PASS" start="2025-10-19T14:55:12.979030" elapsed="0.077989"/>
</kw>
<kw name="Register User With Long Input" owner="LoginRegistrationTest">
<kw name="Wait Until Element Is Visible" owner="SeleniumLibrary">
<arg>name=uname</arg>
<arg>timeout=5s</arg>
<doc>Waits until the element ``locator`` is visible.</doc>
<status status="PASS" start="2025-10-19T14:55:13.057929" elapsed="0.018515"/>
</kw>
<kw name="Run Keyword If" owner="BuiltIn">
<kw name="Input Text" owner="SeleniumLibrary">
<msg time="2025-10-19T14:55:13.077467" level="INFO">Typing text 'testuser_long' into text field 'name=uname'.</msg>
<arg>name=uname</arg>
<arg>testuser_long</arg>
<doc>Types the given ``text`` into the text field identified by ``locator``.</doc>
<status status="PASS" start="2025-10-19T14:55:13.077181" elapsed="0.103092"/>
</kw>
<arg>'${field_type}' == 'username'</arg>
<arg>Input Text</arg>
<arg>name=uname</arg>
<arg>${long_value}</arg>
<arg>ELSE</arg>
<arg>Input Text</arg>
<arg>name=uname</arg>
<arg>testuser_long</arg>
<doc>Runs the given keyword with the given arguments, if ``condition`` is true.</doc>
<status status="PASS" start="2025-10-19T14:55:13.076743" elapsed="0.103792"/>
</kw>
<kw name="Input Text" owner="SeleniumLibrary">
<msg time="2025-10-19T14:55:13.181505" level="INFO">Typing text 'Test' into text field 'name=fname'.</msg>
<arg>name=fname</arg>
<arg>Test</arg>
<doc>Types the given ``text`` into the text field identified by ``locator``.</doc>
<status status="PASS" start="2025-10-19T14:55:13.180937" elapsed="0.092249"/>
</kw>
<kw name="Input Text" owner="SeleniumLibrary">
<msg time="2025-10-19T14:55:13.273724" level="INFO">Typing text 'User' into text field 'name=lname'.</msg>
<arg>name=lname</arg>
<arg>User</arg>
<doc>Types the given ``text`` into the text field identified by ``locator``.</doc>
<status status="PASS" start="2025-10-19T14:55:13.273440" elapsed="0.124600"/>
</kw>
<kw name="Run Keyword If" owner="BuiltIn">
<kw name="Input Text" owner="SeleniumLibrary">
<msg time="2025-10-19T14:55:13.399970" level="INFO">Typing text 'verylongemailaddress1234567890@verylongdomainnameexample.com' into text field 'name=email'.</msg>
<arg>name=email</arg>
<arg>${long_value}</arg>
<doc>Types the given ``text`` into the text field identified by ``locator``.</doc>
<status status="PASS" start="2025-10-19T14:55:13.399262" elapsed="0.229861"/>
</kw>
<arg>'${field_type}' == 'email'</arg>
<arg>Input Text</arg>
<arg>name=email</arg>
<arg>${long_value}</arg>
<arg>ELSE</arg>
<arg>Input Text</arg>
<arg>name=email</arg>
<arg>testlong@example.com</arg>
<doc>Runs the given keyword with the given arguments, if ``condition`` is true.</doc>
<status status="PASS" start="2025-10-19T14:55:13.398425" elapsed="0.230906"/>
</kw>
<kw name="Input Text" owner="SeleniumLibrary">
<msg time="2025-10-19T14:55:13.630161" level="INFO">Typing text '1234567890' into text field 'name=phone'.</msg>
<arg>name=phone</arg>
<arg>1234567890</arg>
<doc>Types the given ``text`` into the text field identified by ``locator``.</doc>
<status status="PASS" start="2025-10-19T14:55:13.629669" elapsed="0.157843"/>
</kw>
<kw name="Input Text" owner="SeleniumLibrary">
<msg time="2025-10-19T14:55:13.788206" level="INFO">Typing text 'testpass123' into text field 'name=password'.</msg>
<arg>name=password</arg>
<arg>testpass123</arg>
<doc>Types the given ``text`` into the text field identified by ``locator``.</doc>
<status status="PASS" start="2025-10-19T14:55:13.787822" elapsed="0.151478"/>
</kw>
<kw name="Click Button" owner="SeleniumLibrary">
<msg time="2025-10-19T14:55:13.939879" level="INFO">Clicking button 'xpath=//input[@value='Create']'.</msg>
<arg>xpath=//input[@value='Create']</arg>
<doc>Clicks the button identified by ``locator``.</doc>
<status status="PASS" start="2025-10-19T14:55:13.939572" elapsed="0.167176"/>
</kw>
<kw name="Sleep" owner="BuiltIn">
<msg time="2025-10-19T14:55:15.107700" level="INFO">Slept 1 second.</msg>
<arg>1s</arg>
<doc>Pauses the test executed for the given time.</doc>
<status status="PASS" start="2025-10-19T14:55:14.107157" elapsed="1.000723"/>
</kw>
<arg>email</arg>
<arg>verylongemailaddress1234567890@verylongdomainnameexample.com</arg>
<doc>Register with very long input in specified field</doc>
<status status="PASS" start="2025-10-19T14:55:13.057514" elapsed="2.050544"/>
</kw>
<kw name="Verify Registration Behavior" owner="LoginRegistrationTest">
<kw name="Capture Page Screenshot" owner="SeleniumLibrary">
<msg time="2025-10-19T14:55:15.527559" level="INFO" html="true">&lt;/td&gt;&lt;/tr&gt;&lt;tr&gt;&lt;td colspan="3"&gt;&lt;a href="registration_behavior_4.png"&gt;&lt;img src="registration_behavior_4.png" width="800px"&gt;&lt;/a&gt;</msg>
<arg>registration_behavior_{index}.png</arg>
<doc>Takes a screenshot of the current page and embeds it into a log file.</doc>
<status status="PASS" start="2025-10-19T14:55:15.109161" elapsed="0.418579"/>
</kw>
<kw name="Get Location" owner="SeleniumLibrary">
<msg time="2025-10-19T14:55:15.535914" level="INFO">${current_url} = http://localhost:8000/staffsignup/</msg>
<var>${current_url}</var>
<doc>Returns the current browser window URL.</doc>
<status status="PASS" start="2025-10-19T14:55:15.527991" elapsed="0.008043"/>
</kw>
<kw name="Log" owner="BuiltIn">
<msg time="2025-10-19T14:55:15.536882" level="INFO">Current URL: http://localhost:8000/staffsignup/</msg>
<arg>Current URL: ${current_url}</arg>
<doc>Logs the given message with the given level.</doc>
<status status="PASS" start="2025-10-19T14:55:15.536438" elapsed="0.000573"/>
</kw>
<doc>Verify registration behavior and capture screenshot</doc>
<status status="PASS" start="2025-10-19T14:55:15.108674" elapsed="0.428684"/>
</kw>
<doc>Test registration with very long email address</doc>
<status status="PASS" start="2025-10-19T14:55:12.977735" elapsed="2.560074"/>
</test>
<test id="s1-t15" name="Test Registration With Single Character Fields" line="97">
<kw name="Go To Staff Signup Page" owner="LoginRegistrationTest">
<kw name="Go To" owner="SeleniumLibrary">
<msg time="2025-10-19T14:55:15.539796" level="INFO">Opening url 'http://localhost:8000/staffsignup/'</msg>
<arg>${URL}/staffsignup/</arg>
<doc>Navigates the current browser window to the provided ``url``.</doc>
<status status="PASS" start="2025-10-19T14:55:15.539539" elapsed="0.067330"/>
</kw>
<kw name="Page Should Contain" owner="SeleniumLibrary">
<msg time="2025-10-19T14:55:15.624165" level="INFO">Current page contains text 'STAFF SIGNUP'.</msg>
<arg>STAFF SIGNUP</arg>
<doc>Verifies that current page contains ``text``.</doc>
<status status="PASS" start="2025-10-19T14:55:15.607277" elapsed="0.017050"/>
</kw>
<doc>Navigate to staff signup page</doc>
<status status="PASS" start="2025-10-19T14:55:15.539095" elapsed="0.085399"/>
</kw>
<kw name="Register User With Short Input" owner="LoginRegistrationTest">
<kw name="Wait Until Element Is Visible" owner="SeleniumLibrary">
<arg>name=uname</arg>
<arg>timeout=5s</arg>
<doc>Waits until the element ``locator`` is visible.</doc>
<status status="PASS" start="2025-10-19T14:55:15.625728" elapsed="0.017808"/>
</kw>
<kw name="Input Text" owner="SeleniumLibrary">
<msg time="2025-10-19T14:55:15.644429" level="INFO">Typing text 'a' into text field 'name=uname'.</msg>
<arg>name=uname</arg>
<arg>${uname}</arg>
<doc>Types the given ``text`` into the text field identified by ``locator``.</doc>
<status status="PASS" start="2025-10-19T14:55:15.643901" elapsed="0.094635"/>
</kw>
<kw name="Input Text" owner="SeleniumLibrary">
<msg time="2025-10-19T14:55:15.739273" level="INFO">Typing text 'a' into text field 'name=fname'.</msg>
<arg>name=fname</arg>
<arg>${fname}</arg>
<doc>Types the given ``text`` into the text field identified by ``locator``.</doc>
<status status="PASS" start="2025-10-19T14:55:15.738822" elapsed="0.095117"/>
</kw>
<kw name="Input Text" owner="SeleniumLibrary">
<msg time="2025-10-19T14:55:15.834853" level="INFO">Typing text 'a' into text field 'name=lname'.</msg>
<arg>name=lname</arg>
<arg>${lname}</arg>
<doc>Types the given ``text`` into the text field identified by ``locator``.</doc>
<status status="PASS" start="2025-10-19T14:55:15.834293" elapsed="0.093523"/>
</kw>
<kw name="Input Text" owner="SeleniumLibrary">
<msg time="2025-10-19T14:55:15.928541" level="INFO">Typing text 'a@a.a' into text field 'name=email'.</msg>
<arg>name=email</arg>
<arg>${email}</arg>
<doc>Types the given ``text`` into the text field identified by ``locator``.</doc>
<status status="PASS" start="2025-10-19T14:55:15.928120" elapsed="0.100924"/>
</kw>
<kw name="Input Text" owner="SeleniumLibrary">
<msg time="2025-10-19T14:55:16.030044" level="INFO">Typing text '123' into text field 'name=phone'.</msg>
<arg>name=phone</arg>
<arg>${phone}</arg>
<doc>Types the given ``text`` into the text field identified by ``locator``.</doc>
<status status="PASS" start="2025-10-19T14:55:16.029405" elapsed="0.105996"/>
</kw>
<kw name="Input Text" owner="SeleniumLibrary">
<msg time="2025-10-19T14:55:16.136284" level="INFO">Typing text 'a' into text field 'name=password'.</msg>
<arg>name=password</arg>
<arg>${password}</arg>
<doc>Types the given ``text`` into the text field identified by ``locator``.</doc>
<status status="PASS" start="2025-10-19T14:55:16.135758" elapsed="0.120527"/>
</kw>
<kw name="Click Button" owner="SeleniumLibrary">
<msg time="2025-10-19T14:55:16.256900" level="INFO">Clicking button 'xpath=//input[@value='Create']'.</msg>
<arg>xpath=//input[@value='Create']</arg>
<doc>Clicks the button identified by ``locator``.</doc>
<status status="PASS" start="2025-10-19T14:55:16.256593" elapsed="0.130863"/>
</kw>
<kw name="Sleep" owner="BuiltIn">
<msg time="2025-10-19T14:55:17.388269" level="INFO">Slept 1 second.</msg>
<arg>1s</arg>
<doc>Pauses the test executed for the given time.</doc>
<status status="PASS" start="2025-10-19T14:55:16.387744" elapsed="1.000679"/>
</kw>
<arg>a</arg>
<arg>a</arg>
<arg>a</arg>
<arg>a@a.a</arg>
<arg>123</arg>
<arg>a</arg>
<doc>Register with minimum length inputs</doc>
<status status="PASS" start="2025-10-19T14:55:15.625082" elapsed="1.763480"/>
</kw>
<kw name="Verify Registration Behavior" owner="LoginRegistrationTest">
<kw name="Capture Page Screenshot" owner="SeleniumLibrary">
<msg time="2025-10-19T14:55:17.757470" level="INFO" html="true">&lt;/td&gt;&lt;/tr&gt;&lt;tr&gt;&lt;td colspan="3"&gt;&lt;a href="registration_behavior_5.png"&gt;&lt;img src="registration_behavior_5.png" width="800px"&gt;&lt;/a&gt;</msg>
<arg>registration_behavior_{index}.png</arg>
<doc>Takes a screenshot of the current page and embeds it into a log file.</doc>
<status status="PASS" start="2025-10-19T14:55:17.389680" elapsed="0.368065"/>
</kw>
<kw name="Get Location" owner="SeleniumLibrary">
<msg time="2025-10-19T14:55:17.765760" level="INFO">${current_url} = http://localhost:8000/staffsignup/</msg>
<var>${current_url}</var>
<doc>Returns the current browser window URL.</doc>
<status status="PASS" start="2025-10-19T14:55:17.758070" elapsed="0.007769"/>
</kw>
<kw name="Log" owner="BuiltIn">
<msg time="2025-10-19T14:55:17.766393" level="INFO">Current URL: http://localhost:8000/staffsignup/</msg>
<arg>Current URL: ${current_url}</arg>
<doc>Logs the given message with the given level.</doc>
<status status="PASS" start="2025-10-19T14:55:17.766097" elapsed="0.000387"/>
</kw>
<doc>Verify registration behavior and capture screenshot</doc>
<status status="PASS" start="2025-10-19T14:55:17.389168" elapsed="0.377448"/>
</kw>
<doc>Test registration with minimum length inputs</doc>
<status status="PASS" start="2025-10-19T14:55:15.538432" elapsed="2.228906"/>
</test>
<test id="s1-t16" name="Test Registration With Invalid Email Format" line="103">
<kw name="Go To Staff Signup Page" owner="LoginRegistrationTest">
<kw name="Go To" owner="SeleniumLibrary">
<msg time="2025-10-19T14:55:17.769743" level="INFO">Opening url 'http://localhost:8000/staffsignup/'</msg>
<arg>${URL}/staffsignup/</arg>
<doc>Navigates the current browser window to the provided ``url``.</doc>
<status status="PASS" start="2025-10-19T14:55:17.769538" elapsed="0.060117"/>
</kw>
<kw name="Page Should Contain" owner="SeleniumLibrary">
<msg time="2025-10-19T14:55:17.850640" level="INFO">Current page contains text 'STAFF SIGNUP'.</msg>
<arg>STAFF SIGNUP</arg>
<doc>Verifies that current page contains ``text``.</doc>
<status status="PASS" start="2025-10-19T14:55:17.830098" elapsed="0.020795"/>
</kw>
<doc>Navigate to staff signup page</doc>
<status status="PASS" start="2025-10-19T14:55:17.769176" elapsed="0.082070"/>
</kw>
<kw name="Register User With Invalid Email" owner="LoginRegistrationTest">
<kw name="Wait Until Element Is Visible" owner="SeleniumLibrary">
<arg>name=uname</arg>
<arg>timeout=5s</arg>
<doc>Waits until the element ``locator`` is visible.</doc>
<status status="PASS" start="2025-10-19T14:55:17.852246" elapsed="0.018585"/>
</kw>
[...]
<doc>Runs the given keyword with the given arguments, if ``condition`` is true.</doc>
<status status="PASS" start="2025-10-19T14:55:25.847926" elapsed="0.125569"/>
</kw>
<kw name="Input Text" owner="SeleniumLibrary">
<msg time="2025-10-19T14:55:25.974189" level="INFO">Typing text 'Test' into text field 'name=fname'.</msg>
<arg>name=fname</arg>
<arg>Test</arg>
<doc>Types the given ``text`` into the text field identified by ``locator``.</doc>
<status status="PASS" start="2025-10-19T14:55:25.973800" elapsed="0.102395"/>
</kw>
<kw name="Input Text" owner="SeleniumLibrary">
<msg time="2025-10-19T14:55:26.076950" level="INFO">Typing text 'Duplicate' into text field 'name=lname'.</msg>
<arg>name=lname</arg>
<arg>Duplicate</arg>
<doc>Types the given ``text`` into the text field identified by ``locator``.</doc>
<status status="PASS" start="2025-10-19T14:55:26.076549" elapsed="0.135023"/>
</kw>
<kw name="Run Keyword If" owner="BuiltIn">
<kw name="Input Text" owner="SeleniumLibrary">
<msg time="2025-10-19T14:55:26.212485" level="INFO">Typing text 'fslkfjksl@example.com' into text field 'name=email'.</msg>
<arg>name=email</arg>
<arg>${EMAIL}</arg>
<doc>Types the given ``text`` into the text field identified by ``locator``.</doc>
<status status="PASS" start="2025-10-19T14:55:26.212200" elapsed="0.151669"/>
</kw>
<arg>'${duplicate_field}' == 'email'</arg>
<arg>Input Text</arg>
<arg>name=email</arg>
<arg>${EMAIL}</arg>
<arg>ELSE</arg>
<arg>Input Text</arg>
<arg>name=email</arg>
<arg>testdup_${duplicate_field}@example.com</arg>
<doc>Runs the given keyword with the given arguments, if ``condition`` is true.</doc>
<status status="PASS" start="2025-10-19T14:55:26.211825" elapsed="0.152208"/>
</kw>
<kw name="Input Text" owner="SeleniumLibrary">
<msg time="2025-10-19T14:55:26.364610" level="INFO">Typing text '9876543210' into text field 'name=phone'.</msg>
<arg>name=phone</arg>
<arg>9876543210</arg>
<doc>Types the given ``text`` into the text field identified by ``locator``.</doc>
<status status="PASS" start="2025-10-19T14:55:26.364294" elapsed="0.118494"/>
</kw>
<kw name="Input Text" owner="SeleniumLibrary">
<msg time="2025-10-19T14:55:26.483478" level="INFO">Typing text 'testpass456' into text field 'name=password'.</msg>
<arg>name=password</arg>
<arg>testpass456</arg>
<doc>Types the given ``text`` into the text field identified by ``locator``.</doc>
<status status="PASS" start="2025-10-19T14:55:26.483112" elapsed="0.123094"/>
</kw>
<kw name="Click Button" owner="SeleniumLibrary">
<msg time="2025-10-19T14:55:26.606797" level="INFO">Clicking button 'xpath=//input[@value='Create']'.</msg>
<arg>xpath=//input[@value='Create']</arg>
<doc>Clicks the button identified by ``locator``.</doc>
<status status="PASS" start="2025-10-19T14:55:26.606503" elapsed="0.136587"/>
</kw>
<kw name="Sleep" owner="BuiltIn">
<msg time="2025-10-19T14:55:27.744612" level="INFO">Slept 1 second.</msg>
<arg>1s</arg>
<doc>Pauses the test executed for the given time.</doc>
<status status="PASS" start="2025-10-19T14:55:26.743473" elapsed="1.001385"/>
</kw>
<arg>email</arg>
<doc>Register with duplicate username or email</doc>
<status status="PASS" start="2025-10-19T14:55:25.830010" elapsed="1.915141"/>
</kw>
<kw name="Verify Duplicate Registration Fails" owner="LoginRegistrationTest">
<kw name="Capture Page Screenshot" owner="SeleniumLibrary">
<msg time="2025-10-19T14:55:28.143003" level="INFO" html="true">&lt;/td&gt;&lt;/tr&gt;&lt;tr&gt;&lt;td colspan="3"&gt;&lt;a href="duplicate_registration_4.png"&gt;&lt;img src="duplicate_registration_4.png" width="800px"&gt;&lt;/a&gt;</msg>
<arg>duplicate_registration_{index}.png</arg>
<doc>Takes a screenshot of the current page and embeds it into a log file.</doc>
<status status="PASS" start="2025-10-19T14:55:27.746480" elapsed="0.396715"/>
</kw>
<kw name="Get Location" owner="SeleniumLibrary">
<msg time="2025-10-19T14:55:28.150663" level="INFO">${current_url} = http://localhost:8000/staffsignup/</msg>
<var>${current_url}</var>
<doc>Returns the current browser window URL.</doc>
<status status="PASS" start="2025-10-19T14:55:28.143476" elapsed="0.007304"/>
</kw>
<kw name="Run Keyword And Ignore Error" owner="BuiltIn">
<kw name="Page Should Contain" owner="SeleniumLibrary">
<msg time="2025-10-19T14:55:28.559743" level="INFO" html="true">&lt;/td&gt;&lt;/tr&gt;&lt;tr&gt;&lt;td colspan="3"&gt;&lt;a href="selenium-screenshot-9.png"&gt;&lt;img src="selenium-screenshot-9.png" width="800px"&gt;&lt;/a&gt;</msg>
<msg time="2025-10-19T14:55:28.560022" level="FAIL">Page should have contained text 'already exists' but did not.</msg>
<arg>already exists</arg>
<doc>Verifies that current page contains ``text``.</doc>
<status status="FAIL" start="2025-10-19T14:55:28.151751" elapsed="0.409730">Page should have contained text 'already exists' but did not.</status>
</kw>
<arg>Page Should Contain</arg>
<arg>already exists</arg>
<doc>Runs the given keyword with the given arguments and ignores possible error.</doc>
<status status="PASS" start="2025-10-19T14:55:28.151148" elapsed="0.410543"/>
</kw>
<kw name="Should Not Contain" owner="BuiltIn">
<arg>${current_url}</arg>
<arg>dashboard</arg>
<doc>Fails if ``container`` contains ``item`` one or more times.</doc>
<status status="PASS" start="2025-10-19T14:55:28.561935" elapsed="0.000320"/>
</kw>
<doc>Verify that duplicate registration is rejected and capture screenshot</doc>
<status status="PASS" start="2025-10-19T14:55:27.746092" elapsed="0.816296"/>
</kw>
<doc>Test registration with already registered email</doc>
<status status="PASS" start="2025-10-19T14:55:25.743498" elapsed="2.819366"/>
</test>
<test id="s1-t22" name="Test Registration With Whitespace In Fields" line="141">
<kw name="Go To Staff Signup Page" owner="LoginRegistrationTest">
<kw name="Go To" owner="SeleniumLibrary">
<msg time="2025-10-19T14:55:28.566326" level="INFO">Opening url 'http://localhost:8000/staffsignup/'</msg>
<arg>${URL}/staffsignup/</arg>
<doc>Navigates the current browser window to the provided ``url``.</doc>
<status status="PASS" start="2025-10-19T14:55:28.565802" elapsed="0.062767"/>
</kw>
<kw name="Page Should Contain" owner="SeleniumLibrary">
<msg time="2025-10-19T14:55:28.650374" level="INFO">Current page contains text 'STAFF SIGNUP'.</msg>
<arg>STAFF SIGNUP</arg>
<doc>Verifies that current page contains ``text``.</doc>
<status status="PASS" start="2025-10-19T14:55:28.628885" elapsed="0.021696"/>
</kw>
<doc>Navigate to staff signup page</doc>
<status status="PASS" start="2025-10-19T14:55:28.565233" elapsed="0.085520"/>
</kw>
<kw name="Register User With Whitespace" owner="LoginRegistrationTest">
<kw name="Wait Until Element Is Visible" owner="SeleniumLibrary">
<arg>name=uname</arg>
<arg>timeout=5s</arg>
<doc>Waits until the element ``locator`` is visible.</doc>
<status status="PASS" start="2025-10-19T14:55:28.652253" elapsed="0.020031"/>
</kw>
<kw name="Input Text" owner="SeleniumLibrary">
<msg time="2025-10-19T14:55:28.672947" level="INFO">Typing text '  testuser  ' into text field 'name=uname'.</msg>
<arg>name=uname</arg>
<arg>${username_ws}</arg>
<doc>Types the given ``text`` into the text field identified by ``locator``.</doc>
<status status="PASS" start="2025-10-19T14:55:28.672563" elapsed="0.112507"/>
</kw>
<kw name="Input Text" owner="SeleniumLibrary">
<msg time="2025-10-19T14:55:28.785942" level="INFO">Typing text 'Test' into text field 'name=fname'.</msg>
<arg>name=fname</arg>
<arg>Test</arg>
<doc>Types the given ``text`` into the text field identified by ``locator``.</doc>
<status status="PASS" start="2025-10-19T14:55:28.785456" elapsed="0.108292"/>
</kw>
<kw name="Input Text" owner="SeleniumLibrary">
<msg time="2025-10-19T14:55:28.894599" level="INFO">Typing text 'User' into text field 'name=lname'.</msg>
<arg>name=lname</arg>
<arg>User</arg>
<doc>Types the given ``text`` into the text field identified by ``locator``.</doc>
<status status="PASS" start="2025-10-19T14:55:28.894136" elapsed="0.139462"/>
</kw>
<kw name="Input Text" owner="SeleniumLibrary">
<msg time="2025-10-19T14:55:29.034299" level="INFO">Typing text '  test@email.com  ' into text field 'name=email'.</msg>
<arg>name=email</arg>
<arg>${email_ws}</arg>
<doc>Types the given ``text`` into the text field identified by ``locator``.</doc>
<status status="PASS" start="2025-10-19T14:55:29.033893" elapsed="0.140668"/>
</kw>
<kw name="Input Text" owner="SeleniumLibrary">
<msg time="2025-10-19T14:55:29.175418" level="INFO">Typing text '1234567890' into text field 'name=phone'.</msg>
<arg>name=phone</arg>
<arg>1234567890</arg>
<doc>Types the given ``text`` into the text field identified by ``locator``.</doc>
<status status="PASS" start="2025-10-19T14:55:29.174918" elapsed="0.118448"/>
</kw>
<kw name="Input Text" owner="SeleniumLibrary">
<msg time="2025-10-19T14:55:29.294473" level="INFO">Typing text 'testpass123' into text field 'name=password'.</msg>
<arg>name=password</arg>
<arg>testpass123</arg>
<doc>Types the given ``text`` into the text field identified by ``locator``.</doc>
<status status="PASS" start="2025-10-19T14:55:29.293820" elapsed="0.132780"/>
</kw>
<kw name="Click Button" owner="SeleniumLibrary">
<msg time="2025-10-19T14:55:29.427298" level="INFO">Clicking button 'xpath=//input[@value='Create']'.</msg>
<arg>xpath=//input[@value='Create']</arg>
<doc>Clicks the button identified by ``locator``.</doc>
<status status="PASS" start="2025-10-19T14:55:29.426984" elapsed="0.137156"/>
</kw>
<kw name="Sleep" owner="BuiltIn">
<msg time="2025-10-19T14:55:30.564742" level="INFO">Slept 1 second.</msg>
<arg>1s</arg>
<doc>Pauses the test executed for the given time.</doc>
<status status="PASS" start="2025-10-19T14:55:29.564387" elapsed="1.000516"/>
</kw>
<arg>${SPACE}${SPACE}testuser${SPACE}${SPACE}</arg>
<arg>${SPACE}${SPACE}test@email.com${SPACE}${SPACE}</arg>
<doc>Register with whitespace in fields</doc>
<status status="PASS" start="2025-10-19T14:55:28.651364" elapsed="1.913683"/>
</kw>
<kw name="Verify Registration Behavior" owner="LoginRegistrationTest">
<kw name="Capture Page Screenshot" owner="SeleniumLibrary">
<msg time="2025-10-19T14:55:30.932831" level="INFO" html="true">&lt;/td&gt;&lt;/tr&gt;&lt;tr&gt;&lt;td colspan="3"&gt;&lt;a href="registration_behavior_7.png"&gt;&lt;img src="registration_behavior_7.png" width="800px"&gt;&lt;/a&gt;</msg>
<arg>registration_behavior_{index}.png</arg>
<doc>Takes a screenshot of the current page and embeds it into a log file.</doc>
<status status="PASS" start="2025-10-19T14:55:30.565933" elapsed="0.367041"/>
</kw>
<kw name="Get Location" owner="SeleniumLibrary">
<msg time="2025-10-19T14:55:30.941149" level="INFO">${current_url} = http://localhost:8000/staffsignup/</msg>
<var>${current_url}</var>
<doc>Returns the current browser window URL.</doc>
<status status="PASS" start="2025-10-19T14:55:30.933213" elapsed="0.008034"/>
</kw>
<kw name="Log" owner="BuiltIn">
<msg time="2025-10-19T14:55:30.941968" level="INFO">Current URL: http://localhost:8000/staffsignup/</msg>
<arg>Current URL: ${current_url}</arg>
<doc>Logs the given message with the given level.</doc>
<status status="PASS" start="2025-10-19T14:55:30.941611" elapsed="0.000483"/>
</kw>
<doc>Verify registration behavior and capture screenshot</doc>
<status status="PASS" start="2025-10-19T14:55:30.565532" elapsed="0.376846"/>
</kw>
<doc>Test registration with leading/trailing whitespaces</doc>
<status status="PASS" start="2025-10-19T14:55:28.564005" elapsed="2.378964"/>
</test>
<test id="s1-t23" name="Test Password With Only Spaces" line="147">
<kw name="Go To Staff Signup Page" owner="LoginRegistrationTest">
<kw name="Go To" owner="SeleniumLibrary">
<msg time="2025-10-19T14:55:30.944910" level="INFO">Opening url 'http://localhost:8000/staffsignup/'</msg>
<arg>${URL}/staffsignup/</arg>
<doc>Navigates the current browser window to the provided ``url``.</doc>
<status status="PASS" start="2025-10-19T14:55:30.944739" elapsed="0.076292"/>
</kw>
<kw name="Page Should Contain" owner="SeleniumLibrary">
<msg time="2025-10-19T14:55:31.057265" level="INFO">Current page contains text 'STAFF SIGNUP'.</msg>
<arg>STAFF SIGNUP</arg>
<doc>Verifies that current page contains ``text``.</doc>
<status status="PASS" start="2025-10-19T14:55:31.021430" elapsed="0.035989"/>
</kw>
<doc>Navigate to staff signup page</doc>
<status status="PASS" start="2025-10-19T14:55:30.944441" elapsed="0.113151"/>
</kw>
<kw name="Register User With Space Password" owner="LoginRegistrationTest">
<kw name="Wait Until Element Is Visible" owner="SeleniumLibrary">
<arg>name=uname</arg>
<arg>timeout=5s</arg>
<doc>Waits until the element ``locator`` is visible.</doc>
<status status="PASS" start="2025-10-19T14:55:31.059207" elapsed="0.041801"/>
</kw>
<kw name="Input Text" owner="SeleniumLibrary">
<msg time="2025-10-19T14:55:31.101796" level="INFO">Typing text 'testuser_spacepass' into text field 'name=uname'.</msg>
<arg>name=uname</arg>
<arg>testuser_spacepass</arg>
<doc>Types the given ``text`` into the text field identified by ``locator``.</doc>
<status status="PASS" start="2025-10-19T14:55:31.101358" elapsed="0.138906"/>
</kw>
<kw name="Input Text" owner="SeleniumLibrary">
<msg time="2025-10-19T14:55:31.241082" level="INFO">Typing text 'Test' into text field 'name=fname'.</msg>
<arg>name=fname</arg>
<arg>Test</arg>
<doc>Types the given ``text`` into the text field identified by ``locator``.</doc>
<status status="PASS" start="2025-10-19T14:55:31.240661" elapsed="0.108097"/>
</kw>
<kw name="Input Text" owner="SeleniumLibrary">
<msg time="2025-10-19T14:55:31.349312" level="INFO">Typing text 'User' into text field 'name=lname'.</msg>
<arg>name=lname</arg>
<arg>User</arg>
<doc>Types the given ``text`` into the text field identified by ``locator``.</doc>
<status status="PASS" start="2025-10-19T14:55:31.349015" elapsed="0.133884"/>
</kw>
<kw name="Input Text" owner="SeleniumLibrary">
<msg time="2025-10-19T14:55:31.483431" level="INFO">Typing text 'testspacepass@example.com' into text field 'name=email'.</msg>
<arg>name=email</arg>
<arg>testspacepass@example.com</arg>
<doc>Types the given ``text`` into the text field identified by ``locator``.</doc>
<status status="PASS" start="2025-10-19T14:55:31.483146" elapsed="0.162562"/>
</kw>
<kw name="Input Text" owner="SeleniumLibrary">
<msg time="2025-10-19T14:55:31.646263" level="INFO">Typing text '1234567890' into text field 'name=phone'.</msg>
<arg>name=phone</arg>
<arg>1234567890</arg>
<doc>Types the given ``text`` into the text field identified by ``locator``.</doc>
<status status="PASS" start="2025-10-19T14:55:31.645965" elapsed="0.112231"/>
</kw>
<kw name="Input Text" owner="SeleniumLibrary">
<msg time="2025-10-19T14:55:31.758953" level="INFO">Typing text '     ' into text field 'name=password'.</msg>
<arg>name=password</arg>
<arg>${SPACE}${SPACE}${SPACE}${SPACE}${SPACE}</arg>
<doc>Types the given ``text`` into the text field identified by ``locator``.</doc>
<status status="PASS" start="2025-10-19T14:55:31.758454" elapsed="0.116106"/>
</kw>
<kw name="Click Button" owner="SeleniumLibrary">
<msg time="2025-10-19T14:55:31.875117" level="INFO">Clicking button 'xpath=//input[@value='Create']'.</msg>
<arg>xpath=//input[@value='Create']</arg>
<doc>Clicks the button identified by ``locator``.</doc>
<status status="PASS" start="2025-10-19T14:55:31.874807" elapsed="0.145171"/>
</kw>
<kw name="Sleep" owner="BuiltIn">
<msg time="2025-10-19T14:55:33.021973" level="INFO">Slept 1 second.</msg>
<arg>1s</arg>
<doc>Pauses the test executed for the given time.</doc>
<status status="PASS" start="2025-10-19T14:55:32.020801" elapsed="1.001433"/>
</kw>
<doc>Register with password containing only spaces</doc>
<status status="PASS" start="2025-10-19T14:55:31.058608" elapsed="1.963864"/>
</kw>
<kw name="Verify Registration Fails" owner="LoginRegistrationTest">
<kw name="Capture Page Screenshot" owner="SeleniumLibrary">
<msg time="2025-10-19T14:55:33.398590" level="INFO" html="true">&lt;/td&gt;&lt;/tr&gt;&lt;tr&gt;&lt;td colspan="3"&gt;&lt;a href="registration_failure_6.png"&gt;&lt;img src="registration_failure_6.png" width="800px"&gt;&lt;/a&gt;</msg>
<arg>registration_failure_{index}.png</arg>
<doc>Takes a screenshot of the current page and embeds it into a log file.</doc>
<status status="PASS" start="2025-10-19T14:55:33.023876" elapsed="0.374917"/>
</kw>
<kw name="Get Location" owner="SeleniumLibrary">
<msg time="2025-10-19T14:55:33.406108" level="INFO">${current_url} = http://localhost:8000/staffsignup/</msg>
<var>${current_url}</var>
<doc>Returns the current browser window URL.</doc>
<status status="PASS" start="2025-10-19T14:55:33.399129" elapsed="0.007047"/>
</kw>
<kw name="Should Not Contain" owner="BuiltIn">
<arg>${current_url}</arg>
<arg>dashboard</arg>
<doc>Fails if ``container`` contains ``item`` one or more times.</doc>
<status status="PASS" start="2025-10-19T14:55:33.406402" elapsed="0.000263"/>
</kw>
<kw name="Should Not Contain" owner="BuiltIn">
<arg>${current_url}</arg>
<arg>stafflogin</arg>
<doc>Fails if ``container`` contains ``item`` one or more times.</doc>
<status status="PASS" start="2025-10-19T14:55:33.406834" elapsed="0.000272"/>
</kw>
<doc>Verify that registration did not succeed and capture screenshot</doc>
<status status="PASS" start="2025-10-19T14:55:33.023285" elapsed="0.383942"/>
</kw>
<doc>Test registration with password containing only spaces</doc>
<status status="PASS" start="2025-10-19T14:55:30.943803" elapsed="2.463948"/>
</test>
<test id="s1-t24" name="Test Case Sensitivity In Login" line="153">
<kw name="Go To Staff Login Page" owner="LoginRegistrationTest">
<kw name="Go To" owner="SeleniumLibrary">
<msg time="2025-10-19T14:55:33.409961" level="INFO">Opening url 'http://localhost:8000/stafflogin/'</msg>
<arg>${URL}/stafflogin/</arg>
<doc>Navigates the current browser window to the provided ``url``.</doc>
<status status="PASS" start="2025-10-19T14:55:33.409704" elapsed="0.087113"/>
</kw>
<kw name="Page Should Contain" owner="SeleniumLibrary">
<msg time="2025-10-19T14:55:33.656504" level="INFO" html="true">&lt;/td&gt;&lt;/tr&gt;&lt;tr&gt;&lt;td colspan="3"&gt;&lt;a href="selenium-screenshot-10.png"&gt;&lt;img src="selenium-screenshot-10.png" width="800px"&gt;&lt;/a&gt;</msg>
<msg time="2025-10-19T14:55:33.656747" level="FAIL">Page should have contained text 'Staff Login' but did not.</msg>
<arg>Staff Login</arg>
<doc>Verifies that current page contains ``text``.</doc>
<status status="FAIL" start="2025-10-19T14:55:33.497230" elapsed="0.161431">Page should have contained text 'Staff Login' but did not.</status>
</kw>
<doc>Navigate to staff login page</doc>
<status status="FAIL" start="2025-10-19T14:55:33.409257" elapsed="0.249738">Page should have contained text 'Staff Login' but did not.</status>
</kw>
<kw name="Login With Different Case" owner="LoginRegistrationTest">
<arg>UNIQUETESTUSER</arg>
<arg>${PASSWORD}</arg>
<doc>Login with different case username</doc>
<status status="NOT RUN" start="2025-10-19T14:55:33.659731" elapsed="0.000133"/>
</kw>
<kw name="Verify Login Behavior" owner="LoginRegistrationTest">
<doc>Verify login behavior and capture screenshot</doc>
<status status="NOT RUN" start="2025-10-19T14:55:33.660901" elapsed="0.000094"/>
</kw>
<doc>Test login username case sensitivity</doc>
<status status="FAIL" start="2025-10-19T14:55:33.408464" elapsed="0.252966">Page should have contained text 'Staff Login' but did not.</status>
</test>
<kw name="Close Browser" owner="SeleniumLibrary" type="TEARDOWN">
<doc>Closes the current browser.</doc>
<status status="PASS" start="2025-10-19T14:55:33.662947" elapsed="2.435522"/>
</kw>
<doc>(s396426 Amrit Niure) Automated Test for Login and Registration Functionality</doc>
<status status="FAIL" start="2025-10-19T14:54:40.421775" elapsed="55.676900"/>
</suite>
<statistics>
<total>
<stat pass="16" fail="8" skip="0">All Tests</stat>
</total>
<tag>
</tag>
<suite>
<stat name="MainLoginRegistration" id="s1" pass="16" fail="8" skip="0">MainLoginRegistration</stat>
</suite>
</statistics>
<errors>
</errors>
</robot>
